mode: set
github.com/hashhog/blockbrew/internal/address/address.go:63.33,64.13 1 1
github.com/hashhog/blockbrew/internal/address/address.go:65.15,66.20 1 1
github.com/hashhog/blockbrew/internal/address/address.go:67.15,68.20 1 1
github.com/hashhog/blockbrew/internal/address/address.go:69.15,70.20 1 1
github.com/hashhog/blockbrew/internal/address/address.go:71.14,72.19 1 0
github.com/hashhog/blockbrew/internal/address/address.go:73.10,74.12 1 0
github.com/hashhog/blockbrew/internal/address/address.go:79.44,80.16 1 1
github.com/hashhog/blockbrew/internal/address/address.go:81.13,82.24 1 1
github.com/hashhog/blockbrew/internal/address/address.go:82.24,84.4 1 0
github.com/hashhog/blockbrew/internal/address/address.go:85.3,86.20 2 1
github.com/hashhog/blockbrew/internal/address/address.go:87.16,88.33 1 1
github.com/hashhog/blockbrew/internal/address/address.go:89.33,90.33 1 0
github.com/hashhog/blockbrew/internal/address/address.go:91.11,92.32 1 0
github.com/hashhog/blockbrew/internal/address/address.go:94.3,94.49 1 1
github.com/hashhog/blockbrew/internal/address/address.go:96.12,97.24 1 1
github.com/hashhog/blockbrew/internal/address/address.go:97.24,99.4 1 0
github.com/hashhog/blockbrew/internal/address/address.go:100.3,101.20 2 1
github.com/hashhog/blockbrew/internal/address/address.go:102.16,103.32 1 1
github.com/hashhog/blockbrew/internal/address/address.go:104.33,105.32 1 0
github.com/hashhog/blockbrew/internal/address/address.go:106.11,107.32 1 0
github.com/hashhog/blockbrew/internal/address/address.go:109.3,109.49 1 1
github.com/hashhog/blockbrew/internal/address/address.go:111.14,112.24 1 1
github.com/hashhog/blockbrew/internal/address/address.go:112.24,114.4 1 0
github.com/hashhog/blockbrew/internal/address/address.go:115.3,116.16 2 1
github.com/hashhog/blockbrew/internal/address/address.go:116.16,118.4 1 0
github.com/hashhog/blockbrew/internal/address/address.go:119.3,119.38 1 1
github.com/hashhog/blockbrew/internal/address/address.go:121.13,122.24 1 1
github.com/hashhog/blockbrew/internal/address/address.go:122.24,124.4 1 0
github.com/hashhog/blockbrew/internal/address/address.go:125.3,126.16 2 1
github.com/hashhog/blockbrew/internal/address/address.go:126.16,128.4 1 0
github.com/hashhog/blockbrew/internal/address/address.go:129.3,129.38 1 1
github.com/hashhog/blockbrew/internal/address/address.go:131.12,132.24 1 1
github.com/hashhog/blockbrew/internal/address/address.go:132.24,134.4 1 0
github.com/hashhog/blockbrew/internal/address/address.go:135.3,136.16 2 1
github.com/hashhog/blockbrew/internal/address/address.go:136.16,138.4 1 0
github.com/hashhog/blockbrew/internal/address/address.go:139.3,139.38 1 1
github.com/hashhog/blockbrew/internal/address/address.go:141.10,142.35 1 0
github.com/hashhog/blockbrew/internal/address/address.go:147.76,150.16 2 1
github.com/hashhog/blockbrew/internal/address/address.go:150.16,152.3 1 0
github.com/hashhog/blockbrew/internal/address/address.go:155.2,160.18 4 1
github.com/hashhog/blockbrew/internal/address/address.go:160.18,162.3 1 1
github.com/hashhog/blockbrew/internal/address/address.go:163.2,163.33 1 1
github.com/hashhog/blockbrew/internal/address/address.go:167.61,169.63 1 1
github.com/hashhog/blockbrew/internal/address/address.go:169.63,171.3 1 1
github.com/hashhog/blockbrew/internal/address/address.go:174.2,174.36 1 1
github.com/hashhog/blockbrew/internal/address/address.go:178.87,179.24 1 1
github.com/hashhog/blockbrew/internal/address/address.go:179.24,181.3 1 0
github.com/hashhog/blockbrew/internal/address/address.go:183.2,187.17 2 1
github.com/hashhog/blockbrew/internal/address/address.go:188.27,189.21 1 1
github.com/hashhog/blockbrew/internal/address/address.go:189.21,191.4 1 1
github.com/hashhog/blockbrew/internal/address/address.go:192.3,193.25 2 1
github.com/hashhog/blockbrew/internal/address/address.go:194.26,195.21 1 1
github.com/hashhog/blockbrew/internal/address/address.go:195.21,197.4 1 0
github.com/hashhog/blockbrew/internal/address/address.go:198.3,199.25 2 1
github.com/hashhog/blockbrew/internal/address/address.go:200.27,201.56 1 0
github.com/hashhog/blockbrew/internal/address/address.go:201.56,203.4 1 0
github.com/hashhog/blockbrew/internal/address/address.go:204.3,205.21 2 0
github.com/hashhog/blockbrew/internal/address/address.go:206.26,207.56 1 0
github.com/hashhog/blockbrew/internal/address/address.go:207.56,209.4 1 0
github.com/hashhog/blockbrew/internal/address/address.go:210.3,211.21 2 0
github.com/hashhog/blockbrew/internal/address/address.go:212.10,213.38 1 0
github.com/hashhog/blockbrew/internal/address/address.go:216.2,216.18 1 1
github.com/hashhog/blockbrew/internal/address/address.go:220.67,226.16 4 1
github.com/hashhog/blockbrew/internal/address/address.go:226.16,229.17 2 1
github.com/hashhog/blockbrew/internal/address/address.go:229.17,231.4 1 1
github.com/hashhog/blockbrew/internal/address/address.go:232.3,232.19 1 1
github.com/hashhog/blockbrew/internal/address/address.go:236.2,236.24 1 1
github.com/hashhog/blockbrew/internal/address/address.go:236.24,238.3 1 1
github.com/hashhog/blockbrew/internal/address/address.go:241.2,241.19 1 1
github.com/hashhog/blockbrew/internal/address/address.go:241.19,243.3 1 0
github.com/hashhog/blockbrew/internal/address/address.go:245.2,248.38 2 1
github.com/hashhog/blockbrew/internal/address/address.go:248.38,250.3 1 0
github.com/hashhog/blockbrew/internal/address/address.go:251.2,251.38 1 1
github.com/hashhog/blockbrew/internal/address/address.go:251.38,253.3 1 0
github.com/hashhog/blockbrew/internal/address/address.go:256.2,257.16 2 1
github.com/hashhog/blockbrew/internal/address/address.go:257.16,259.3 1 0
github.com/hashhog/blockbrew/internal/address/address.go:262.2,262.43 1 1
github.com/hashhog/blockbrew/internal/address/address.go:262.43,264.3 1 0
github.com/hashhog/blockbrew/internal/address/address.go:266.2,271.24 2 1
github.com/hashhog/blockbrew/internal/address/address.go:272.9,273.23 1 1
github.com/hashhog/blockbrew/internal/address/address.go:274.11,275.22 1 1
github.com/hashhog/blockbrew/internal/address/address.go:276.11,277.21 1 1
github.com/hashhog/blockbrew/internal/address/address.go:278.11,279.39 1 0
github.com/hashhog/blockbrew/internal/address/address.go:281.9,282.25 1 1
github.com/hashhog/blockbrew/internal/address/address.go:282.25,284.4 1 0
github.com/hashhog/blockbrew/internal/address/address.go:285.3,285.19 1 1
github.com/hashhog/blockbrew/internal/address/address.go:286.10,287.35 1 0
github.com/hashhog/blockbrew/internal/address/address.go:290.2,290.18 1 1
github.com/hashhog/blockbrew/internal/address/address.go:294.59,300.2 1 1
github.com/hashhog/blockbrew/internal/address/address.go:303.58,309.2 1 1
github.com/hashhog/blockbrew/internal/address/address.go:312.60,318.2 1 1
github.com/hashhog/blockbrew/internal/address/address.go:321.59,327.2 1 1
github.com/hashhog/blockbrew/internal/address/address.go:330.60,336.2 1 1
github.com/hashhog/blockbrew/internal/address/address.go:339.41,340.16 1 1
github.com/hashhog/blockbrew/internal/address/address.go:341.13,351.16 8 1
github.com/hashhog/blockbrew/internal/address/address.go:353.12,361.16 6 1
github.com/hashhog/blockbrew/internal/address/address.go:363.14,370.16 5 1
github.com/hashhog/blockbrew/internal/address/address.go:372.13,379.16 5 1
github.com/hashhog/blockbrew/internal/address/address.go:381.12,388.16 5 1
github.com/hashhog/blockbrew/internal/address/address.go:390.10,391.13 1 0
github.com/hashhog/blockbrew/internal/address/address.go:396.46,397.30 1 1
github.com/hashhog/blockbrew/internal/address/address.go:397.30,399.3 1 1
github.com/hashhog/blockbrew/internal/address/address.go:400.2,402.34 1 1
github.com/hashhog/blockbrew/internal/address/base58.go:21.13,22.35 1 1
github.com/hashhog/blockbrew/internal/address/base58.go:22.35,24.3 1 1
github.com/hashhog/blockbrew/internal/address/base58.go:25.2,25.35 1 1
github.com/hashhog/blockbrew/internal/address/base58.go:25.35,27.3 1 1
github.com/hashhog/blockbrew/internal/address/base58.go:40.40,43.26 2 1
github.com/hashhog/blockbrew/internal/address/base58.go:43.26,44.13 1 1
github.com/hashhog/blockbrew/internal/address/base58.go:44.13,45.9 1 1
github.com/hashhog/blockbrew/internal/address/base58.go:47.3,47.17 1 1
github.com/hashhog/blockbrew/internal/address/base58.go:51.2,56.27 4 1
github.com/hashhog/blockbrew/internal/address/base58.go:56.27,59.3 2 1
github.com/hashhog/blockbrew/internal/address/base58.go:62.2,64.36 3 1
github.com/hashhog/blockbrew/internal/address/base58.go:64.36,66.3 1 1
github.com/hashhog/blockbrew/internal/address/base58.go:69.2,69.61 1 1
github.com/hashhog/blockbrew/internal/address/base58.go:73.49,74.21 1 1
github.com/hashhog/blockbrew/internal/address/base58.go:74.21,76.3 1 1
github.com/hashhog/blockbrew/internal/address/base58.go:79.2,80.26 2 1
github.com/hashhog/blockbrew/internal/address/base58.go:80.26,81.15 1 1
github.com/hashhog/blockbrew/internal/address/base58.go:81.15,82.9 1 1
github.com/hashhog/blockbrew/internal/address/base58.go:84.3,84.16 1 1
github.com/hashhog/blockbrew/internal/address/base58.go:88.2,89.26 2 1
github.com/hashhog/blockbrew/internal/address/base58.go:89.26,91.16 2 1
github.com/hashhog/blockbrew/internal/address/base58.go:91.16,93.4 1 1
github.com/hashhog/blockbrew/internal/address/base58.go:94.3,95.39 2 1
github.com/hashhog/blockbrew/internal/address/base58.go:99.2,105.20 4 1
github.com/hashhog/blockbrew/internal/address/base58.go:110.61,125.2 8 1
github.com/hashhog/blockbrew/internal/address/base58.go:128.60,130.16 2 1
github.com/hashhog/blockbrew/internal/address/base58.go:130.16,132.3 1 1
github.com/hashhog/blockbrew/internal/address/base58.go:135.2,135.22 1 1
github.com/hashhog/blockbrew/internal/address/base58.go:135.22,137.3 1 1
github.com/hashhog/blockbrew/internal/address/base58.go:140.2,148.46 4 1
github.com/hashhog/blockbrew/internal/address/base58.go:148.46,150.3 1 1
github.com/hashhog/blockbrew/internal/address/base58.go:153.2,156.30 3 1
github.com/hashhog/blockbrew/internal/address/bech32.go:19.13,20.35 1 1
github.com/hashhog/blockbrew/internal/address/bech32.go:20.35,22.3 1 1
github.com/hashhog/blockbrew/internal/address/bech32.go:23.2,23.35 1 1
github.com/hashhog/blockbrew/internal/address/bech32.go:23.35,25.3 1 1
github.com/hashhog/blockbrew/internal/address/bech32.go:40.38,43.27 3 1
github.com/hashhog/blockbrew/internal/address/bech32.go:43.27,46.25 3 1
github.com/hashhog/blockbrew/internal/address/bech32.go:46.25,47.27 1 1
github.com/hashhog/blockbrew/internal/address/bech32.go:47.27,49.5 1 1
github.com/hashhog/blockbrew/internal/address/bech32.go:52.2,52.12 1 1
github.com/hashhog/blockbrew/internal/address/bech32.go:56.34,58.24 2 1
github.com/hashhog/blockbrew/internal/address/bech32.go:58.24,60.3 1 1
github.com/hashhog/blockbrew/internal/address/bech32.go:61.2,62.24 2 1
github.com/hashhog/blockbrew/internal/address/bech32.go:62.24,64.3 1 1
github.com/hashhog/blockbrew/internal/address/bech32.go:65.2,65.15 1 1
github.com/hashhog/blockbrew/internal/address/bech32.go:69.61,74.25 5 1
github.com/hashhog/blockbrew/internal/address/bech32.go:74.25,76.3 1 1
github.com/hashhog/blockbrew/internal/address/bech32.go:77.2,77.17 1 1
github.com/hashhog/blockbrew/internal/address/bech32.go:81.49,83.2 1 1
github.com/hashhog/blockbrew/internal/address/bech32.go:86.80,92.29 5 1
github.com/hashhog/blockbrew/internal/address/bech32.go:92.29,95.22 3 1
github.com/hashhog/blockbrew/internal/address/bech32.go:95.22,98.4 2 1
github.com/hashhog/blockbrew/internal/address/bech32.go:101.2,101.9 1 1
github.com/hashhog/blockbrew/internal/address/bech32.go:101.9,102.15 1 1
github.com/hashhog/blockbrew/internal/address/bech32.go:102.15,104.4 1 1
github.com/hashhog/blockbrew/internal/address/bech32.go:105.8,106.23 1 1
github.com/hashhog/blockbrew/internal/address/bech32.go:106.23,108.4 1 0
github.com/hashhog/blockbrew/internal/address/bech32.go:109.3,109.45 1 1
github.com/hashhog/blockbrew/internal/address/bech32.go:109.45,111.4 1 0
github.com/hashhog/blockbrew/internal/address/bech32.go:114.2,114.20 1 1
github.com/hashhog/blockbrew/internal/address/bech32.go:118.70,120.35 1 1
github.com/hashhog/blockbrew/internal/address/bech32.go:120.35,122.3 1 0
github.com/hashhog/blockbrew/internal/address/bech32.go:123.2,123.24 1 1
github.com/hashhog/blockbrew/internal/address/bech32.go:123.24,124.24 1 1
github.com/hashhog/blockbrew/internal/address/bech32.go:124.24,126.4 1 0
github.com/hashhog/blockbrew/internal/address/bech32.go:130.2,131.25 2 1
github.com/hashhog/blockbrew/internal/address/bech32.go:131.25,133.3 1 1
github.com/hashhog/blockbrew/internal/address/bech32.go:136.2,142.26 5 1
github.com/hashhog/blockbrew/internal/address/bech32.go:142.26,144.3 1 1
github.com/hashhog/blockbrew/internal/address/bech32.go:145.2,145.29 1 1
github.com/hashhog/blockbrew/internal/address/bech32.go:145.29,147.3 1 1
github.com/hashhog/blockbrew/internal/address/bech32.go:149.2,149.29 1 1
github.com/hashhog/blockbrew/internal/address/bech32.go:153.58,157.22 3 1
github.com/hashhog/blockbrew/internal/address/bech32.go:157.22,158.27 1 1
github.com/hashhog/blockbrew/internal/address/bech32.go:158.27,160.4 1 1
github.com/hashhog/blockbrew/internal/address/bech32.go:161.3,161.27 1 1
github.com/hashhog/blockbrew/internal/address/bech32.go:161.27,163.4 1 1
github.com/hashhog/blockbrew/internal/address/bech32.go:165.2,165.26 1 1
github.com/hashhog/blockbrew/internal/address/bech32.go:165.26,167.3 1 1
github.com/hashhog/blockbrew/internal/address/bech32.go:170.2,174.18 3 1
github.com/hashhog/blockbrew/internal/address/bech32.go:174.18,176.3 1 1
github.com/hashhog/blockbrew/internal/address/bech32.go:177.2,177.16 1 1
github.com/hashhog/blockbrew/internal/address/bech32.go:177.16,179.3 1 0
github.com/hashhog/blockbrew/internal/address/bech32.go:180.2,180.25 1 1
github.com/hashhog/blockbrew/internal/address/bech32.go:180.25,182.3 1 0
github.com/hashhog/blockbrew/internal/address/bech32.go:184.2,188.24 3 1
github.com/hashhog/blockbrew/internal/address/bech32.go:188.24,189.24 1 1
github.com/hashhog/blockbrew/internal/address/bech32.go:189.24,191.4 1 0
github.com/hashhog/blockbrew/internal/address/bech32.go:195.2,196.28 2 1
github.com/hashhog/blockbrew/internal/address/bech32.go:196.28,198.16 2 1
github.com/hashhog/blockbrew/internal/address/bech32.go:198.16,200.4 1 0
github.com/hashhog/blockbrew/internal/address/bech32.go:201.3,201.16 1 1
github.com/hashhog/blockbrew/internal/address/bech32.go:205.2,212.25 4 1
github.com/hashhog/blockbrew/internal/address/bech32.go:212.25,214.3 1 1
github.com/hashhog/blockbrew/internal/address/bech32.go:216.2,216.31 1 1
github.com/hashhog/blockbrew/internal/address/bech32.go:220.60,222.2 1 1
github.com/hashhog/blockbrew/internal/address/bech32.go:225.53,227.16 2 1
github.com/hashhog/blockbrew/internal/address/bech32.go:227.16,229.3 1 1
github.com/hashhog/blockbrew/internal/address/bech32.go:230.2,230.25 1 1
github.com/hashhog/blockbrew/internal/address/bech32.go:230.25,232.3 1 1
github.com/hashhog/blockbrew/internal/address/bech32.go:233.2,233.23 1 1
github.com/hashhog/blockbrew/internal/address/bech32.go:237.61,239.2 1 1
github.com/hashhog/blockbrew/internal/address/bech32.go:242.54,244.16 2 1
github.com/hashhog/blockbrew/internal/address/bech32.go:244.16,246.3 1 1
github.com/hashhog/blockbrew/internal/address/bech32.go:247.2,247.26 1 1
github.com/hashhog/blockbrew/internal/address/bech32.go:247.26,249.3 1 1
github.com/hashhog/blockbrew/internal/address/bech32.go:250.2,250.23 1 1
github.com/hashhog/blockbrew/cmd/blockbrew/main.go:51.13,53.22 1 0
github.com/hashhog/blockbrew/cmd/blockbrew/main.go:53.22,54.37 1 0
github.com/hashhog/blockbrew/cmd/blockbrew/main.go:54.37,56.4 1 0
github.com/hashhog/blockbrew/cmd/blockbrew/main.go:59.2,61.22 2 0
github.com/hashhog/blockbrew/cmd/blockbrew/main.go:61.22,64.3 2 0
github.com/hashhog/blockbrew/cmd/blockbrew/main.go:66.2,73.55 6 0
github.com/hashhog/blockbrew/cmd/blockbrew/main.go:73.55,75.3 1 0
github.com/hashhog/blockbrew/cmd/blockbrew/main.go:77.2,78.21 2 0
github.com/hashhog/blockbrew/cmd/blockbrew/main.go:79.17,80.42 1 0
github.com/hashhog/blockbrew/cmd/blockbrew/main.go:81.17,82.42 1 0
github.com/hashhog/blockbrew/cmd/blockbrew/main.go:83.17,84.42 1 0
github.com/hashhog/blockbrew/cmd/blockbrew/main.go:85.16,86.41 1 0
github.com/hashhog/blockbrew/cmd/blockbrew/main.go:87.10,88.49 1 0
github.com/hashhog/blockbrew/cmd/blockbrew/main.go:92.2,92.27 1 0
github.com/hashhog/blockbrew/cmd/blockbrew/main.go:92.27,94.3 1 0
github.com/hashhog/blockbrew/cmd/blockbrew/main.go:96.2,96.46 1 0
github.com/hashhog/blockbrew/cmd/blockbrew/main.go:96.46,98.3 1 0
github.com/hashhog/blockbrew/cmd/blockbrew/main.go:101.27,124.25 21 0
github.com/hashhog/blockbrew/cmd/blockbrew/main.go:124.25,126.3 1 0
github.com/hashhog/blockbrew/cmd/blockbrew/main.go:129.2,129.30 1 0
github.com/hashhog/blockbrew/cmd/blockbrew/main.go:129.30,131.3 1 0
github.com/hashhog/blockbrew/cmd/blockbrew/main.go:133.2,133.12 1 0
github.com/hashhog/blockbrew/cmd/blockbrew/main.go:136.49,137.17 1 1
github.com/hashhog/blockbrew/cmd/blockbrew/main.go:138.17,139.14 1 1
github.com/hashhog/blockbrew/cmd/blockbrew/main.go:140.17,141.15 1 1
github.com/hashhog/blockbrew/cmd/blockbrew/main.go:142.17,143.15 1 1
github.com/hashhog/blockbrew/cmd/blockbrew/main.go:144.16,145.15 1 1
github.com/hashhog/blockbrew/cmd/blockbrew/main.go:146.10,147.14 1 1
github.com/hashhog/blockbrew/cmd/blockbrew/main.go:151.47,152.17 1 1
github.com/hashhog/blockbrew/cmd/blockbrew/main.go:153.17,154.14 1 1
github.com/hashhog/blockbrew/cmd/blockbrew/main.go:155.17,156.15 1 1
github.com/hashhog/blockbrew/cmd/blockbrew/main.go:157.17,158.15 1 1
github.com/hashhog/blockbrew/cmd/blockbrew/main.go:159.16,160.15 1 1
github.com/hashhog/blockbrew/cmd/blockbrew/main.go:161.10,162.14 1 1
github.com/hashhog/blockbrew/cmd/blockbrew/main.go:166.57,167.21 1 0
github.com/hashhog/blockbrew/cmd/blockbrew/main.go:168.17,169.26 1 0
github.com/hashhog/blockbrew/cmd/blockbrew/main.go:170.18,171.27 1 0
github.com/hashhog/blockbrew/cmd/blockbrew/main.go:172.17,173.26 1 0
github.com/hashhog/blockbrew/cmd/blockbrew/main.go:174.16,175.25 1 0
github.com/hashhog/blockbrew/cmd/blockbrew/main.go:176.10,177.26 1 0
github.com/hashhog/blockbrew/cmd/blockbrew/main.go:181.77,182.21 1 0
github.com/hashhog/blockbrew/cmd/blockbrew/main.go:183.17,184.25 1 0
github.com/hashhog/blockbrew/cmd/blockbrew/main.go:185.18,186.25 1 0
github.com/hashhog/blockbrew/cmd/blockbrew/main.go:187.17,188.25 1 0
github.com/hashhog/blockbrew/cmd/blockbrew/main.go:189.16,190.25 1 0
github.com/hashhog/blockbrew/cmd/blockbrew/main.go:191.10,192.25 1 0
github.com/hashhog/blockbrew/cmd/blockbrew/main.go:196.65,200.16 3 0
github.com/hashhog/blockbrew/cmd/blockbrew/main.go:200.16,202.3 1 0
github.com/hashhog/blockbrew/cmd/blockbrew/main.go:203.2,212.16 6 0
github.com/hashhog/blockbrew/cmd/blockbrew/main.go:212.16,215.83 3 0
github.com/hashhog/blockbrew/cmd/blockbrew/main.go:215.83,217.4 1 0
github.com/hashhog/blockbrew/cmd/blockbrew/main.go:218.3,218.64 1 0
github.com/hashhog/blockbrew/cmd/blockbrew/main.go:218.64,220.4 1 0
github.com/hashhog/blockbrew/cmd/blockbrew/main.go:221.3,221.106 1 0
github.com/hashhog/blockbrew/cmd/blockbrew/main.go:221.106,223.4 1 0
github.com/hashhog/blockbrew/cmd/blockbrew/main.go:224.8,226.3 1 0
github.com/hashhog/blockbrew/cmd/blockbrew/main.go:229.2,253.18 9 0
github.com/hashhog/blockbrew/cmd/blockbrew/main.go:253.18,255.3 1 0
github.com/hashhog/blockbrew/cmd/blockbrew/main.go:257.2,264.32 1 0
github.com/hashhog/blockbrew/cmd/blockbrew/main.go:264.32,267.4 2 0
github.com/hashhog/blockbrew/cmd/blockbrew/main.go:271.2,280.26 2 0
github.com/hashhog/blockbrew/cmd/blockbrew/main.go:280.26,283.4 2 0
github.com/hashhog/blockbrew/cmd/blockbrew/main.go:287.2,295.32 2 0
github.com/hashhog/blockbrew/cmd/blockbrew/main.go:295.32,298.4 2 0
github.com/hashhog/blockbrew/cmd/blockbrew/main.go:300.38,302.4 1 0
github.com/hashhog/blockbrew/cmd/blockbrew/main.go:303.41,305.4 1 0
github.com/hashhog/blockbrew/cmd/blockbrew/main.go:309.2,315.26 1 0
github.com/hashhog/blockbrew/cmd/blockbrew/main.go:315.26,318.4 2 0
github.com/hashhog/blockbrew/cmd/blockbrew/main.go:322.2,327.47 4 0
github.com/hashhog/blockbrew/cmd/blockbrew/main.go:327.47,335.3 2 0
github.com/hashhog/blockbrew/cmd/blockbrew/main.go:338.2,358.40 4 0
github.com/hashhog/blockbrew/cmd/blockbrew/main.go:358.40,360.3 1 0
github.com/hashhog/blockbrew/cmd/blockbrew/main.go:361.2,361.19 1 0
github.com/hashhog/blockbrew/cmd/blockbrew/main.go:361.19,363.3 1 0
github.com/hashhog/blockbrew/cmd/blockbrew/main.go:363.8,365.3 1 0
github.com/hashhog/blockbrew/cmd/blockbrew/main.go:367.2,370.42 3 0
github.com/hashhog/blockbrew/cmd/blockbrew/main.go:370.42,372.3 1 0
github.com/hashhog/blockbrew/cmd/blockbrew/main.go:373.2,387.41 9 0
github.com/hashhog/blockbrew/cmd/blockbrew/main.go:387.41,389.3 1 0
github.com/hashhog/blockbrew/cmd/blockbrew/main.go:390.2,398.40 6 0
github.com/hashhog/blockbrew/cmd/blockbrew/main.go:398.40,400.3 1 0
github.com/hashhog/blockbrew/cmd/blockbrew/main.go:401.2,403.35 2 0
github.com/hashhog/blockbrew/cmd/blockbrew/main.go:403.35,405.3 1 0
github.com/hashhog/blockbrew/cmd/blockbrew/main.go:406.2,410.12 4 0
github.com/hashhog/blockbrew/cmd/blockbrew/main.go:414.44,415.20 1 1
github.com/hashhog/blockbrew/cmd/blockbrew/main.go:415.20,417.3 1 1
github.com/hashhog/blockbrew/cmd/blockbrew/main.go:419.2,419.17 1 1
github.com/hashhog/blockbrew/cmd/blockbrew/main.go:420.17,422.14 2 1
github.com/hashhog/blockbrew/cmd/blockbrew/main.go:423.16,425.14 2 1
github.com/hashhog/blockbrew/cmd/blockbrew/main.go:426.14,428.14 2 1
github.com/hashhog/blockbrew/cmd/blockbrew/main.go:430.2,430.14 1 1
github.com/hashhog/blockbrew/cmd/blockbrew/main.go:433.41,434.20 1 1
github.com/hashhog/blockbrew/cmd/blockbrew/main.go:434.20,442.3 7 1
github.com/hashhog/blockbrew/cmd/blockbrew/main.go:444.2,444.17 1 0
github.com/hashhog/blockbrew/cmd/blockbrew/main.go:445.16,447.17 2 0
github.com/hashhog/blockbrew/cmd/blockbrew/main.go:447.17,450.4 2 0
github.com/hashhog/blockbrew/cmd/blockbrew/main.go:451.3,456.76 6 0
github.com/hashhog/blockbrew/cmd/blockbrew/main.go:458.16,464.41 5 0
github.com/hashhog/blockbrew/cmd/blockbrew/main.go:464.41,467.4 2 0
github.com/hashhog/blockbrew/cmd/blockbrew/main.go:468.3,469.79 2 0
github.com/hashhog/blockbrew/cmd/blockbrew/main.go:471.14,473.127 2 0
github.com/hashhog/blockbrew/cmd/blockbrew/main.go:475.10,478.13 3 0
github.com/hashhog/blockbrew/cmd/blockbrew/main.go:482.18,514.2 31 1
github.com/hashhog/blockbrew/internal/wire/primitives.go:16.45,19.2 2 1
github.com/hashhog/blockbrew/internal/wire/primitives.go:22.49,27.2 4 1
github.com/hashhog/blockbrew/internal/wire/primitives.go:30.49,35.2 4 1
github.com/hashhog/blockbrew/internal/wire/primitives.go:38.49,43.2 4 1
github.com/hashhog/blockbrew/internal/wire/primitives.go:46.47,48.2 1 1
github.com/hashhog/blockbrew/internal/wire/primitives.go:51.47,53.2 1 1
github.com/hashhog/blockbrew/internal/wire/primitives.go:56.46,59.2 2 1
github.com/hashhog/blockbrew/internal/wire/primitives.go:67.54,68.9 1 1
github.com/hashhog/blockbrew/internal/wire/primitives.go:69.18,70.35 1 1
github.com/hashhog/blockbrew/internal/wire/primitives.go:71.21,72.45 1 1
github.com/hashhog/blockbrew/internal/wire/primitives.go:72.45,74.4 1 0
github.com/hashhog/blockbrew/internal/wire/primitives.go:75.3,75.39 1 1
github.com/hashhog/blockbrew/internal/wire/primitives.go:76.25,77.45 1 1
github.com/hashhog/blockbrew/internal/wire/primitives.go:77.45,79.4 1 0
github.com/hashhog/blockbrew/internal/wire/primitives.go:80.3,80.39 1 1
github.com/hashhog/blockbrew/internal/wire/primitives.go:81.10,82.45 1 1
github.com/hashhog/blockbrew/internal/wire/primitives.go:82.45,84.4 1 0
github.com/hashhog/blockbrew/internal/wire/primitives.go:85.3,85.31 1 1
github.com/hashhog/blockbrew/internal/wire/primitives.go:90.49,91.60 1 1
github.com/hashhog/blockbrew/internal/wire/primitives.go:91.60,93.3 1 0
github.com/hashhog/blockbrew/internal/wire/primitives.go:94.2,94.25 1 1
github.com/hashhog/blockbrew/internal/wire/primitives.go:98.50,100.2 1 1
github.com/hashhog/blockbrew/internal/wire/primitives.go:103.44,107.2 3 1
github.com/hashhog/blockbrew/internal/wire/primitives.go:110.48,113.16 3 1
github.com/hashhog/blockbrew/internal/wire/primitives.go:113.16,115.3 1 0
github.com/hashhog/blockbrew/internal/wire/primitives.go:116.2,116.48 1 1
github.com/hashhog/blockbrew/internal/wire/primitives.go:120.48,123.16 3 1
github.com/hashhog/blockbrew/internal/wire/primitives.go:123.16,125.3 1 0
github.com/hashhog/blockbrew/internal/wire/primitives.go:126.2,126.48 1 1
github.com/hashhog/blockbrew/internal/wire/primitives.go:130.48,133.16 3 1
github.com/hashhog/blockbrew/internal/wire/primitives.go:133.16,135.3 1 0
github.com/hashhog/blockbrew/internal/wire/primitives.go:136.2,136.48 1 1
github.com/hashhog/blockbrew/internal/wire/primitives.go:140.46,143.2 2 1
github.com/hashhog/blockbrew/internal/wire/primitives.go:146.46,149.2 2 1
github.com/hashhog/blockbrew/internal/wire/primitives.go:152.52,155.16 3 1
github.com/hashhog/blockbrew/internal/wire/primitives.go:155.16,157.3 1 1
github.com/hashhog/blockbrew/internal/wire/primitives.go:158.2,158.17 1 1
github.com/hashhog/blockbrew/internal/wire/primitives.go:163.51,165.16 2 1
github.com/hashhog/blockbrew/internal/wire/primitives.go:165.16,167.3 1 0
github.com/hashhog/blockbrew/internal/wire/primitives.go:169.2,170.15 2 1
github.com/hashhog/blockbrew/internal/wire/primitives.go:171.12,173.17 2 1
github.com/hashhog/blockbrew/internal/wire/primitives.go:173.17,175.4 1 0
github.com/hashhog/blockbrew/internal/wire/primitives.go:176.3,176.18 1 1
github.com/hashhog/blockbrew/internal/wire/primitives.go:177.12,179.17 2 1
github.com/hashhog/blockbrew/internal/wire/primitives.go:179.17,181.4 1 0
github.com/hashhog/blockbrew/internal/wire/primitives.go:182.3,182.18 1 1
github.com/hashhog/blockbrew/internal/wire/primitives.go:183.12,185.17 2 0
github.com/hashhog/blockbrew/internal/wire/primitives.go:185.17,187.4 1 0
github.com/hashhog/blockbrew/internal/wire/primitives.go:188.3,188.10 1 0
github.com/hashhog/blockbrew/internal/wire/primitives.go:189.10,190.22 1 1
github.com/hashhog/blockbrew/internal/wire/primitives.go:193.2,193.26 1 1
github.com/hashhog/blockbrew/internal/wire/primitives.go:193.26,195.3 1 1
github.com/hashhog/blockbrew/internal/wire/primitives.go:196.2,196.17 1 1
github.com/hashhog/blockbrew/internal/wire/primitives.go:201.64,203.16 2 1
github.com/hashhog/blockbrew/internal/wire/primitives.go:203.16,205.3 1 0
github.com/hashhog/blockbrew/internal/wire/primitives.go:206.2,206.22 1 1
github.com/hashhog/blockbrew/internal/wire/primitives.go:206.22,208.3 1 1
github.com/hashhog/blockbrew/internal/wire/primitives.go:209.2,209.17 1 1
github.com/hashhog/blockbrew/internal/wire/primitives.go:209.17,211.3 1 1
github.com/hashhog/blockbrew/internal/wire/primitives.go:212.2,212.34 1 1
github.com/hashhog/blockbrew/internal/wire/primitives.go:217.65,219.16 2 1
github.com/hashhog/blockbrew/internal/wire/primitives.go:219.16,221.3 1 0
github.com/hashhog/blockbrew/internal/wire/primitives.go:222.2,222.23 1 1
github.com/hashhog/blockbrew/internal/wire/types.go:22.34,25.26 2 1
github.com/hashhog/blockbrew/internal/wire/types.go:25.26,27.3 1 1
github.com/hashhog/blockbrew/internal/wire/types.go:28.2,28.40 1 1
github.com/hashhog/blockbrew/internal/wire/types.go:32.32,33.22 1 1
github.com/hashhog/blockbrew/internal/wire/types.go:33.22,34.13 1 1
github.com/hashhog/blockbrew/internal/wire/types.go:34.13,36.4 1 1
github.com/hashhog/blockbrew/internal/wire/types.go:38.2,38.13 1 1
github.com/hashhog/blockbrew/internal/wire/types.go:42.38,44.2 1 1
github.com/hashhog/blockbrew/internal/wire/types.go:47.51,49.18 2 1
github.com/hashhog/blockbrew/internal/wire/types.go:49.18,51.3 1 1
github.com/hashhog/blockbrew/internal/wire/types.go:52.2,53.16 2 1
github.com/hashhog/blockbrew/internal/wire/types.go:53.16,55.3 1 1
github.com/hashhog/blockbrew/internal/wire/types.go:57.2,57.26 1 1
github.com/hashhog/blockbrew/internal/wire/types.go:57.26,59.3 1 1
github.com/hashhog/blockbrew/internal/wire/types.go:60.2,60.15 1 1
github.com/hashhog/blockbrew/internal/wire/types.go:64.48,66.2 1 1
github.com/hashhog/blockbrew/internal/wire/types.go:69.50,71.16 2 1
github.com/hashhog/blockbrew/internal/wire/types.go:71.16,73.3 1 0
github.com/hashhog/blockbrew/internal/wire/types.go:74.2,75.12 2 1
github.com/hashhog/blockbrew/internal/wire/types.go:79.36,85.2 5 1
github.com/hashhog/blockbrew/internal/wire/types.go:94.50,95.45 1 1
github.com/hashhog/blockbrew/internal/wire/types.go:95.45,97.3 1 0
github.com/hashhog/blockbrew/internal/wire/types.go:98.2,98.35 1 1
github.com/hashhog/blockbrew/internal/wire/types.go:102.52,103.47 1 1
github.com/hashhog/blockbrew/internal/wire/types.go:103.47,105.3 1 0
github.com/hashhog/blockbrew/internal/wire/types.go:106.2,108.12 3 1
github.com/hashhog/blockbrew/internal/wire/types.go:120.60,121.57 1 1
github.com/hashhog/blockbrew/internal/wire/types.go:121.57,123.3 1 0
github.com/hashhog/blockbrew/internal/wire/types.go:124.2,124.61 1 1
github.com/hashhog/blockbrew/internal/wire/types.go:124.61,126.3 1 0
github.com/hashhog/blockbrew/internal/wire/types.go:127.2,127.38 1 1
github.com/hashhog/blockbrew/internal/wire/types.go:131.46,133.2 1 1
github.com/hashhog/blockbrew/internal/wire/types.go:136.48,137.59 1 1
github.com/hashhog/blockbrew/internal/wire/types.go:137.59,139.3 1 0
github.com/hashhog/blockbrew/internal/wire/types.go:140.2,143.16 3 1
github.com/hashhog/blockbrew/internal/wire/types.go:143.16,145.3 1 0
github.com/hashhog/blockbrew/internal/wire/types.go:146.2,147.12 2 1
github.com/hashhog/blockbrew/internal/wire/types.go:157.47,158.50 1 1
github.com/hashhog/blockbrew/internal/wire/types.go:158.50,160.3 1 0
github.com/hashhog/blockbrew/internal/wire/types.go:161.2,161.38 1 1
github.com/hashhog/blockbrew/internal/wire/types.go:165.49,168.16 3 1
github.com/hashhog/blockbrew/internal/wire/types.go:168.16,170.3 1 0
github.com/hashhog/blockbrew/internal/wire/types.go:172.2,173.12 2 1
github.com/hashhog/blockbrew/internal/wire/types.go:185.36,186.29 1 1
github.com/hashhog/blockbrew/internal/wire/types.go:186.29,187.26 1 1
github.com/hashhog/blockbrew/internal/wire/types.go:187.26,189.4 1 1
github.com/hashhog/blockbrew/internal/wire/types.go:191.2,191.14 1 1
github.com/hashhog/blockbrew/internal/wire/types.go:196.47,198.2 1 1
github.com/hashhog/blockbrew/internal/wire/types.go:201.56,203.2 1 1
github.com/hashhog/blockbrew/internal/wire/types.go:205.65,206.52 1 1
github.com/hashhog/blockbrew/internal/wire/types.go:206.52,208.3 1 0
github.com/hashhog/blockbrew/internal/wire/types.go:210.2,210.17 1 1
github.com/hashhog/blockbrew/internal/wire/types.go:210.17,212.45 1 1
github.com/hashhog/blockbrew/internal/wire/types.go:212.45,214.4 1 0
github.com/hashhog/blockbrew/internal/wire/types.go:215.3,215.45 1 1
github.com/hashhog/blockbrew/internal/wire/types.go:215.45,217.4 1 0
github.com/hashhog/blockbrew/internal/wire/types.go:221.2,221.66 1 1
github.com/hashhog/blockbrew/internal/wire/types.go:221.66,223.3 1 0
github.com/hashhog/blockbrew/internal/wire/types.go:224.2,224.29 1 1
github.com/hashhog/blockbrew/internal/wire/types.go:224.29,225.55 1 1
github.com/hashhog/blockbrew/internal/wire/types.go:225.55,227.4 1 0
github.com/hashhog/blockbrew/internal/wire/types.go:231.2,231.67 1 1
github.com/hashhog/blockbrew/internal/wire/types.go:231.67,233.3 1 0
github.com/hashhog/blockbrew/internal/wire/types.go:234.2,234.31 1 1
github.com/hashhog/blockbrew/internal/wire/types.go:234.31,235.42 1 1
github.com/hashhog/blockbrew/internal/wire/types.go:235.42,237.4 1 0
github.com/hashhog/blockbrew/internal/wire/types.go:241.2,241.17 1 1
github.com/hashhog/blockbrew/internal/wire/types.go:241.17,242.30 1 1
github.com/hashhog/blockbrew/internal/wire/types.go:242.30,243.71 1 1
github.com/hashhog/blockbrew/internal/wire/types.go:243.71,245.5 1 0
github.com/hashhog/blockbrew/internal/wire/types.go:246.4,246.36 1 1
github.com/hashhog/blockbrew/internal/wire/types.go:246.36,247.50 1 1
github.com/hashhog/blockbrew/internal/wire/types.go:247.50,249.6 1 0
github.com/hashhog/blockbrew/internal/wire/types.go:254.2,254.38 1 1
github.com/hashhog/blockbrew/internal/wire/types.go:262.49,265.16 3 1
github.com/hashhog/blockbrew/internal/wire/types.go:265.16,267.3 1 0
github.com/hashhog/blockbrew/internal/wire/types.go:270.2,271.16 2 1
github.com/hashhog/blockbrew/internal/wire/types.go:271.16,273.3 1 0
github.com/hashhog/blockbrew/internal/wire/types.go:275.2,278.20 3 1
github.com/hashhog/blockbrew/internal/wire/types.go:278.20,281.17 2 1
github.com/hashhog/blockbrew/internal/wire/types.go:281.17,283.4 1 0
github.com/hashhog/blockbrew/internal/wire/types.go:284.3,284.19 1 1
github.com/hashhog/blockbrew/internal/wire/types.go:284.19,286.4 1 0
github.com/hashhog/blockbrew/internal/wire/types.go:287.3,291.17 3 1
github.com/hashhog/blockbrew/internal/wire/types.go:291.17,293.4 1 0
github.com/hashhog/blockbrew/internal/wire/types.go:294.8,297.20 1 1
github.com/hashhog/blockbrew/internal/wire/types.go:297.20,299.4 1 1
github.com/hashhog/blockbrew/internal/wire/types.go:299.9,299.28 1 0
github.com/hashhog/blockbrew/internal/wire/types.go:299.28,301.18 2 0
github.com/hashhog/blockbrew/internal/wire/types.go:301.18,303.5 1 0
github.com/hashhog/blockbrew/internal/wire/types.go:304.4,304.26 1 0
github.com/hashhog/blockbrew/internal/wire/types.go:305.9,305.28 1 0
github.com/hashhog/blockbrew/internal/wire/types.go:305.28,307.18 2 0
github.com/hashhog/blockbrew/internal/wire/types.go:307.18,309.5 1 0
github.com/hashhog/blockbrew/internal/wire/types.go:310.4,310.26 1 0
github.com/hashhog/blockbrew/internal/wire/types.go:311.9,313.18 2 0
github.com/hashhog/blockbrew/internal/wire/types.go:313.18,315.5 1 0
github.com/hashhog/blockbrew/internal/wire/types.go:316.4,316.18 1 0
github.com/hashhog/blockbrew/internal/wire/types.go:321.2,322.25 2 1
github.com/hashhog/blockbrew/internal/wire/types.go:322.25,324.51 2 1
github.com/hashhog/blockbrew/internal/wire/types.go:324.51,326.4 1 0
github.com/hashhog/blockbrew/internal/wire/types.go:330.2,331.16 2 1
github.com/hashhog/blockbrew/internal/wire/types.go:331.16,333.3 1 0
github.com/hashhog/blockbrew/internal/wire/types.go:334.2,335.26 2 1
github.com/hashhog/blockbrew/internal/wire/types.go:335.26,337.52 2 1
github.com/hashhog/blockbrew/internal/wire/types.go:337.52,339.4 1 0
github.com/hashhog/blockbrew/internal/wire/types.go:343.2,343.16 1 1
github.com/hashhog/blockbrew/internal/wire/types.go:343.16,344.30 1 1
github.com/hashhog/blockbrew/internal/wire/types.go:344.30,346.18 2 1
github.com/hashhog/blockbrew/internal/wire/types.go:346.18,348.5 1 0
github.com/hashhog/blockbrew/internal/wire/types.go:349.4,350.30 2 1
github.com/hashhog/blockbrew/internal/wire/types.go:350.30,354.19 2 1
github.com/hashhog/blockbrew/internal/wire/types.go:354.19,356.6 1 0
github.com/hashhog/blockbrew/internal/wire/types.go:361.2,362.12 2 1
github.com/hashhog/blockbrew/internal/wire/types.go:366.35,371.2 4 1
github.com/hashhog/blockbrew/internal/wire/types.go:375.36,380.2 4 1
github.com/hashhog/blockbrew/internal/wire/types.go:387.53,390.2 2 1
github.com/hashhog/blockbrew/internal/wire/types.go:403.52,404.51 1 1
github.com/hashhog/blockbrew/internal/wire/types.go:404.51,406.3 1 0
github.com/hashhog/blockbrew/internal/wire/types.go:407.2,407.49 1 1
github.com/hashhog/blockbrew/internal/wire/types.go:407.49,409.3 1 0
github.com/hashhog/blockbrew/internal/wire/types.go:410.2,410.50 1 1
github.com/hashhog/blockbrew/internal/wire/types.go:410.50,412.3 1 0
github.com/hashhog/blockbrew/internal/wire/types.go:413.2,413.54 1 1
github.com/hashhog/blockbrew/internal/wire/types.go:413.54,415.3 1 0
github.com/hashhog/blockbrew/internal/wire/types.go:416.2,416.49 1 1
github.com/hashhog/blockbrew/internal/wire/types.go:416.49,418.3 1 0
github.com/hashhog/blockbrew/internal/wire/types.go:419.2,419.34 1 1
github.com/hashhog/blockbrew/internal/wire/types.go:423.54,426.16 3 1
github.com/hashhog/blockbrew/internal/wire/types.go:426.16,428.3 1 0
github.com/hashhog/blockbrew/internal/wire/types.go:429.2,429.51 1 1
github.com/hashhog/blockbrew/internal/wire/types.go:429.51,431.3 1 0
github.com/hashhog/blockbrew/internal/wire/types.go:432.2,432.52 1 1
github.com/hashhog/blockbrew/internal/wire/types.go:432.52,434.3 1 0
github.com/hashhog/blockbrew/internal/wire/types.go:435.2,436.16 2 1
github.com/hashhog/blockbrew/internal/wire/types.go:436.16,438.3 1 0
github.com/hashhog/blockbrew/internal/wire/types.go:439.2,440.16 2 1
github.com/hashhog/blockbrew/internal/wire/types.go:440.16,442.3 1 0
github.com/hashhog/blockbrew/internal/wire/types.go:443.2,444.12 2 1
github.com/hashhog/blockbrew/internal/wire/types.go:448.43,453.2 4 1
github.com/hashhog/blockbrew/internal/wire/types.go:461.53,465.2 3 1
github.com/hashhog/blockbrew/internal/wire/types.go:474.49,475.46 1 1
github.com/hashhog/blockbrew/internal/wire/types.go:475.46,477.3 1 0
github.com/hashhog/blockbrew/internal/wire/types.go:478.2,478.73 1 1
github.com/hashhog/blockbrew/internal/wire/types.go:478.73,480.3 1 0
github.com/hashhog/blockbrew/internal/wire/types.go:481.2,481.36 1 1
github.com/hashhog/blockbrew/internal/wire/types.go:481.36,482.41 1 1
github.com/hashhog/blockbrew/internal/wire/types.go:482.41,484.4 1 0
github.com/hashhog/blockbrew/internal/wire/types.go:486.2,486.12 1 1
github.com/hashhog/blockbrew/internal/wire/types.go:490.51,491.48 1 1
github.com/hashhog/blockbrew/internal/wire/types.go:491.48,493.3 1 0
github.com/hashhog/blockbrew/internal/wire/types.go:494.2,495.16 2 1
github.com/hashhog/blockbrew/internal/wire/types.go:495.16,497.3 1 0
github.com/hashhog/blockbrew/internal/wire/types.go:498.2,499.32 2 1
github.com/hashhog/blockbrew/internal/wire/types.go:499.32,501.58 2 1
github.com/hashhog/blockbrew/internal/wire/types.go:501.58,503.4 1 0
github.com/hashhog/blockbrew/internal/wire/types.go:505.2,505.12 1 1
github.com/hashhog/blockbrew/internal/mining/mining.go:61.22,68.2 1 1
github.com/hashhog/blockbrew/internal/mining/mining.go:71.94,79.64 5 1
github.com/hashhog/blockbrew/internal/mining/mining.go:79.64,89.3 3 0
github.com/hashhog/blockbrew/internal/mining/mining.go:89.8,91.3 1 1
github.com/hashhog/blockbrew/internal/mining/mining.go:94.2,104.36 3 1
github.com/hashhog/blockbrew/internal/mining/mining.go:104.36,106.3 1 0
github.com/hashhog/blockbrew/internal/mining/mining.go:109.2,110.20 2 1
github.com/hashhog/blockbrew/internal/mining/mining.go:110.20,112.3 1 1
github.com/hashhog/blockbrew/internal/mining/mining.go:113.2,114.20 2 1
github.com/hashhog/blockbrew/internal/mining/mining.go:114.20,116.3 1 1
github.com/hashhog/blockbrew/internal/mining/mining.go:119.2,131.46 7 1
github.com/hashhog/blockbrew/internal/mining/mining.go:131.46,134.34 3 1
github.com/hashhog/blockbrew/internal/mining/mining.go:134.34,136.4 1 1
github.com/hashhog/blockbrew/internal/mining/mining.go:137.3,139.36 3 1
github.com/hashhog/blockbrew/internal/mining/mining.go:143.2,153.28 6 1
github.com/hashhog/blockbrew/internal/mining/mining.go:153.28,155.3 1 1
github.com/hashhog/blockbrew/internal/mining/mining.go:156.2,168.8 2 1
github.com/hashhog/blockbrew/internal/mining/mining.go:173.123,182.32 7 1
github.com/hashhog/blockbrew/internal/mining/mining.go:182.32,183.33 1 1
github.com/hashhog/blockbrew/internal/mining/mining.go:183.33,184.12 1 1
github.com/hashhog/blockbrew/internal/mining/mining.go:187.3,190.39 2 1
github.com/hashhog/blockbrew/internal/mining/mining.go:190.39,191.12 1 1
github.com/hashhog/blockbrew/internal/mining/mining.go:196.3,197.38 2 1
github.com/hashhog/blockbrew/internal/mining/mining.go:197.38,199.4 1 1
github.com/hashhog/blockbrew/internal/mining/mining.go:202.3,202.39 1 1
github.com/hashhog/blockbrew/internal/mining/mining.go:202.39,203.12 1 0
github.com/hashhog/blockbrew/internal/mining/mining.go:207.3,208.37 2 1
github.com/hashhog/blockbrew/internal/mining/mining.go:208.37,209.22 1 1
github.com/hashhog/blockbrew/internal/mining/mining.go:209.22,211.10 2 1
github.com/hashhog/blockbrew/internal/mining/mining.go:214.3,214.26 1 1
github.com/hashhog/blockbrew/internal/mining/mining.go:214.26,215.12 1 1
github.com/hashhog/blockbrew/internal/mining/mining.go:218.3,222.26 5 1
github.com/hashhog/blockbrew/internal/mining/mining.go:225.2,225.41 1 1
github.com/hashhog/blockbrew/internal/mining/mining.go:229.141,236.25 3 1
github.com/hashhog/blockbrew/internal/mining/mining.go:236.25,238.3 1 0
github.com/hashhog/blockbrew/internal/mining/mining.go:238.8,240.3 1 1
github.com/hashhog/blockbrew/internal/mining/mining.go:242.2,260.30 2 1
github.com/hashhog/blockbrew/internal/mining/mining.go:260.30,272.3 7 1
github.com/hashhog/blockbrew/internal/mining/mining.go:274.2,274.11 1 1
github.com/hashhog/blockbrew/internal/mining/mining.go:279.48,281.17 1 1
github.com/hashhog/blockbrew/internal/mining/mining.go:281.17,283.3 1 1
github.com/hashhog/blockbrew/internal/mining/mining.go:284.2,284.33 1 1
github.com/hashhog/blockbrew/internal/mining/mining.go:284.33,286.3 1 1
github.com/hashhog/blockbrew/internal/mining/mining.go:289.2,293.15 5 1
github.com/hashhog/blockbrew/internal/mining/mining.go:298.41,299.12 1 1
github.com/hashhog/blockbrew/internal/mining/mining.go:299.12,301.3 1 1
github.com/hashhog/blockbrew/internal/mining/mining.go:303.2,304.14 2 1
github.com/hashhog/blockbrew/internal/mining/mining.go:304.14,306.3 1 1
github.com/hashhog/blockbrew/internal/mining/mining.go:309.2,310.12 2 1
github.com/hashhog/blockbrew/internal/mining/mining.go:310.12,313.3 2 1
github.com/hashhog/blockbrew/internal/mining/mining.go:316.2,316.37 1 1
github.com/hashhog/blockbrew/internal/mining/mining.go:316.37,317.15 1 1
github.com/hashhog/blockbrew/internal/mining/mining.go:317.15,319.4 1 1
github.com/hashhog/blockbrew/internal/mining/mining.go:319.9,321.4 1 1
github.com/hashhog/blockbrew/internal/mining/mining.go:322.8,322.21 1 1
github.com/hashhog/blockbrew/internal/mining/mining.go:322.21,324.3 1 1
github.com/hashhog/blockbrew/internal/mining/mining.go:326.2,326.15 1 1
github.com/hashhog/blockbrew/internal/storage/chaindb.go:19.33,21.2 1 1
github.com/hashhog/blockbrew/internal/storage/chaindb.go:24.27,26.2 1 0
github.com/hashhog/blockbrew/internal/storage/chaindb.go:29.87,33.46 3 1
github.com/hashhog/blockbrew/internal/storage/chaindb.go:33.46,35.3 1 0
github.com/hashhog/blockbrew/internal/storage/chaindb.go:37.2,37.35 1 1
github.com/hashhog/blockbrew/internal/storage/chaindb.go:41.80,45.16 3 1
github.com/hashhog/blockbrew/internal/storage/chaindb.go:45.16,47.3 1 0
github.com/hashhog/blockbrew/internal/storage/chaindb.go:48.2,48.17 1 1
github.com/hashhog/blockbrew/internal/storage/chaindb.go:48.17,50.3 1 0
github.com/hashhog/blockbrew/internal/storage/chaindb.go:52.2,53.66 2 1
github.com/hashhog/blockbrew/internal/storage/chaindb.go:53.66,55.3 1 0
github.com/hashhog/blockbrew/internal/storage/chaindb.go:57.2,57.20 1 1
github.com/hashhog/blockbrew/internal/storage/chaindb.go:61.77,65.45 3 1
github.com/hashhog/blockbrew/internal/storage/chaindb.go:65.45,67.3 1 0
github.com/hashhog/blockbrew/internal/storage/chaindb.go:69.2,69.35 1 1
github.com/hashhog/blockbrew/internal/storage/chaindb.go:73.71,77.16 3 1
github.com/hashhog/blockbrew/internal/storage/chaindb.go:77.16,79.3 1 0
github.com/hashhog/blockbrew/internal/storage/chaindb.go:80.2,80.17 1 1
github.com/hashhog/blockbrew/internal/storage/chaindb.go:80.17,82.3 1 0
github.com/hashhog/blockbrew/internal/storage/chaindb.go:84.2,85.65 2 1
github.com/hashhog/blockbrew/internal/storage/chaindb.go:85.65,87.3 1 0
github.com/hashhog/blockbrew/internal/storage/chaindb.go:89.2,89.19 1 1
github.com/hashhog/blockbrew/internal/storage/chaindb.go:93.73,96.2 2 1
github.com/hashhog/blockbrew/internal/storage/chaindb.go:99.76,103.16 3 1
github.com/hashhog/blockbrew/internal/storage/chaindb.go:103.16,105.3 1 0
github.com/hashhog/blockbrew/internal/storage/chaindb.go:106.2,106.17 1 1
github.com/hashhog/blockbrew/internal/storage/chaindb.go:106.17,108.3 1 1
github.com/hashhog/blockbrew/internal/storage/chaindb.go:110.2,112.18 3 1
github.com/hashhog/blockbrew/internal/storage/chaindb.go:116.56,118.16 2 1
github.com/hashhog/blockbrew/internal/storage/chaindb.go:118.16,120.3 1 0
github.com/hashhog/blockbrew/internal/storage/chaindb.go:121.2,121.17 1 1
github.com/hashhog/blockbrew/internal/storage/chaindb.go:121.17,123.3 1 0
github.com/hashhog/blockbrew/internal/storage/chaindb.go:125.2,125.36 1 1
github.com/hashhog/blockbrew/internal/storage/chaindb.go:129.58,131.2 1 1
github.com/hashhog/blockbrew/internal/storage/chaindb.go:134.33,136.2 1 0
github.com/hashhog/blockbrew/internal/storage/chainstate.go:18.42,23.2 4 1
github.com/hashhog/blockbrew/internal/storage/chainstate.go:26.62,27.20 1 1
github.com/hashhog/blockbrew/internal/storage/chainstate.go:27.20,29.3 1 0
github.com/hashhog/blockbrew/internal/storage/chainstate.go:31.2,34.51 3 1
github.com/hashhog/blockbrew/internal/storage/chainstate.go:34.51,36.3 1 0
github.com/hashhog/blockbrew/internal/storage/chainstate.go:38.2,40.33 3 1
github.com/hashhog/blockbrew/internal/storage/chainstate.go:40.33,42.3 1 0
github.com/hashhog/blockbrew/internal/storage/chainstate.go:44.2,44.16 1 1
github.com/hashhog/blockbrew/internal/storage/keys.go:36.51,41.2 4 1
github.com/hashhog/blockbrew/internal/storage/keys.go:44.49,49.2 4 1
github.com/hashhog/blockbrew/internal/storage/keys.go:52.46,57.2 4 1
github.com/hashhog/blockbrew/internal/storage/keys.go:60.47,65.2 4 1
github.com/hashhog/blockbrew/internal/storage/keys.go:68.49,74.2 5 1
github.com/hashhog/blockbrew/internal/storage/keys.go:77.49,82.2 4 0
github.com/hashhog/blockbrew/internal/storage/memdb.go:16.24,20.2 1 1
github.com/hashhog/blockbrew/internal/storage/memdb.go:23.49,28.9 4 1
github.com/hashhog/blockbrew/internal/storage/memdb.go:28.9,30.3 1 1
github.com/hashhog/blockbrew/internal/storage/memdb.go:32.2,34.20 3 1
github.com/hashhog/blockbrew/internal/storage/memdb.go:38.46,48.2 7 1
github.com/hashhog/blockbrew/internal/storage/memdb.go:51.42,57.2 4 1
github.com/hashhog/blockbrew/internal/storage/memdb.go:60.47,66.2 4 1
github.com/hashhog/blockbrew/internal/storage/memdb.go:69.34,75.2 1 1
github.com/hashhog/blockbrew/internal/storage/memdb.go:79.53,87.27 5 1
github.com/hashhog/blockbrew/internal/storage/memdb.go:87.27,88.58 1 1
github.com/hashhog/blockbrew/internal/storage/memdb.go:88.58,93.4 4 1
github.com/hashhog/blockbrew/internal/storage/memdb.go:97.2,103.3 2 1
github.com/hashhog/blockbrew/internal/storage/memdb.go:107.31,113.2 4 1
github.com/hashhog/blockbrew/internal/storage/memdb.go:129.43,134.2 3 1
github.com/hashhog/blockbrew/internal/storage/memdb.go:137.39,139.2 1 1
github.com/hashhog/blockbrew/internal/storage/memdb.go:142.34,147.30 3 1
github.com/hashhog/blockbrew/internal/storage/memdb.go:147.30,149.3 1 1
github.com/hashhog/blockbrew/internal/storage/memdb.go:152.2,152.30 1 1
github.com/hashhog/blockbrew/internal/storage/memdb.go:152.30,154.3 1 1
github.com/hashhog/blockbrew/internal/storage/memdb.go:156.2,156.12 1 1
github.com/hashhog/blockbrew/internal/storage/memdb.go:160.28,163.2 2 1
github.com/hashhog/blockbrew/internal/storage/memdb.go:166.30,168.2 1 1
github.com/hashhog/blockbrew/internal/storage/memdb.go:179.36,180.32 1 1
github.com/hashhog/blockbrew/internal/storage/memdb.go:180.32,182.3 1 1
github.com/hashhog/blockbrew/internal/storage/memdb.go:183.2,184.13 2 1
github.com/hashhog/blockbrew/internal/storage/memdb.go:188.37,189.46 1 1
github.com/hashhog/blockbrew/internal/storage/memdb.go:189.46,191.3 1 0
github.com/hashhog/blockbrew/internal/storage/memdb.go:192.2,192.34 1 1
github.com/hashhog/blockbrew/internal/storage/memdb.go:196.39,197.46 1 0
github.com/hashhog/blockbrew/internal/storage/memdb.go:197.46,199.3 1 0
github.com/hashhog/blockbrew/internal/storage/memdb.go:200.2,200.37 1 0
github.com/hashhog/blockbrew/internal/storage/memdb.go:204.34,207.2 2 1
github.com/hashhog/blockbrew/internal/storage/memdb.go:210.38,212.2 1 1
github.com/hashhog/blockbrew/internal/storage/pebbledb.go:13.50,15.16 2 1
github.com/hashhog/blockbrew/internal/storage/pebbledb.go:15.16,17.3 1 0
github.com/hashhog/blockbrew/internal/storage/pebbledb.go:18.2,18.31 1 1
github.com/hashhog/blockbrew/internal/storage/pebbledb.go:22.52,24.31 2 1
github.com/hashhog/blockbrew/internal/storage/pebbledb.go:24.31,26.3 1 1
github.com/hashhog/blockbrew/internal/storage/pebbledb.go:27.2,27.16 1 1
github.com/hashhog/blockbrew/internal/storage/pebbledb.go:27.16,29.3 1 0
github.com/hashhog/blockbrew/internal/storage/pebbledb.go:30.2,35.20 4 1
github.com/hashhog/blockbrew/internal/storage/pebbledb.go:39.49,41.2 1 1
github.com/hashhog/blockbrew/internal/storage/pebbledb.go:44.45,46.2 1 1
github.com/hashhog/blockbrew/internal/storage/pebbledb.go:49.50,51.31 2 1
github.com/hashhog/blockbrew/internal/storage/pebbledb.go:51.31,53.3 1 1
github.com/hashhog/blockbrew/internal/storage/pebbledb.go:54.2,54.16 1 1
github.com/hashhog/blockbrew/internal/storage/pebbledb.go:54.16,56.3 1 0
github.com/hashhog/blockbrew/internal/storage/pebbledb.go:57.2,58.18 2 1
github.com/hashhog/blockbrew/internal/storage/pebbledb.go:62.37,67.2 1 1
github.com/hashhog/blockbrew/internal/storage/pebbledb.go:71.56,74.19 2 1
github.com/hashhog/blockbrew/internal/storage/pebbledb.go:74.19,77.3 2 1
github.com/hashhog/blockbrew/internal/storage/pebbledb.go:79.2,80.16 2 1
github.com/hashhog/blockbrew/internal/storage/pebbledb.go:80.16,83.3 1 0
github.com/hashhog/blockbrew/internal/storage/pebbledb.go:85.2,89.3 1 1
github.com/hashhog/blockbrew/internal/storage/pebbledb.go:93.34,95.2 1 1
github.com/hashhog/blockbrew/internal/storage/pebbledb.go:99.45,100.22 1 1
github.com/hashhog/blockbrew/internal/storage/pebbledb.go:100.22,102.3 1 1
github.com/hashhog/blockbrew/internal/storage/pebbledb.go:104.2,107.39 3 1
github.com/hashhog/blockbrew/internal/storage/pebbledb.go:107.39,109.20 2 1
github.com/hashhog/blockbrew/internal/storage/pebbledb.go:109.20,111.4 1 1
github.com/hashhog/blockbrew/internal/storage/pebbledb.go:114.2,114.12 1 1
github.com/hashhog/blockbrew/internal/storage/pebbledb.go:124.46,126.2 1 1
github.com/hashhog/blockbrew/internal/storage/pebbledb.go:129.42,131.2 1 1
github.com/hashhog/blockbrew/internal/storage/pebbledb.go:134.37,136.2 1 1
github.com/hashhog/blockbrew/internal/storage/pebbledb.go:139.31,141.2 1 1
github.com/hashhog/blockbrew/internal/storage/pebbledb.go:144.33,146.2 1 1
github.com/hashhog/blockbrew/internal/storage/pebbledb.go:157.39,158.20 1 1
github.com/hashhog/blockbrew/internal/storage/pebbledb.go:158.20,160.3 1 0
github.com/hashhog/blockbrew/internal/storage/pebbledb.go:162.2,162.14 1 1
github.com/hashhog/blockbrew/internal/storage/pebbledb.go:162.14,165.23 2 1
github.com/hashhog/blockbrew/internal/storage/pebbledb.go:165.23,167.4 1 1
github.com/hashhog/blockbrew/internal/storage/pebbledb.go:168.3,168.25 1 1
github.com/hashhog/blockbrew/internal/storage/pebbledb.go:171.2,171.23 1 1
github.com/hashhog/blockbrew/internal/storage/pebbledb.go:175.40,176.40 1 1
github.com/hashhog/blockbrew/internal/storage/pebbledb.go:176.40,178.3 1 0
github.com/hashhog/blockbrew/internal/storage/pebbledb.go:180.2,183.15 4 1
github.com/hashhog/blockbrew/internal/storage/pebbledb.go:187.42,188.40 1 0
github.com/hashhog/blockbrew/internal/storage/pebbledb.go:188.40,190.3 1 0
github.com/hashhog/blockbrew/internal/storage/pebbledb.go:192.2,193.16 2 0
github.com/hashhog/blockbrew/internal/storage/pebbledb.go:193.16,196.3 2 0
github.com/hashhog/blockbrew/internal/storage/pebbledb.go:197.2,199.15 3 0
github.com/hashhog/blockbrew/internal/storage/pebbledb.go:203.37,204.20 1 1
github.com/hashhog/blockbrew/internal/storage/pebbledb.go:204.20,207.3 2 1
github.com/hashhog/blockbrew/internal/storage/pebbledb.go:211.41,212.19 1 1
github.com/hashhog/blockbrew/internal/storage/pebbledb.go:212.19,214.3 1 0
github.com/hashhog/blockbrew/internal/storage/pebbledb.go:215.2,215.20 1 1
github.com/hashhog/blockbrew/internal/storage/pebbledb.go:215.20,217.3 1 1
github.com/hashhog/blockbrew/internal/storage/pebbledb.go:218.2,218.12 1 0
github.com/hashhog/blockbrew/internal/consensus/blockvalidation.go:37.70,40.81 2 1
github.com/hashhog/blockbrew/internal/consensus/blockvalidation.go:40.81,42.3 1 0
github.com/hashhog/blockbrew/internal/consensus/blockvalidation.go:45.2,46.45 2 1
github.com/hashhog/blockbrew/internal/consensus/blockvalidation.go:46.45,49.3 1 0
github.com/hashhog/blockbrew/internal/consensus/blockvalidation.go:52.2,52.34 1 1
github.com/hashhog/blockbrew/internal/consensus/blockvalidation.go:52.34,54.3 1 0
github.com/hashhog/blockbrew/internal/consensus/blockvalidation.go:57.2,57.42 1 1
github.com/hashhog/blockbrew/internal/consensus/blockvalidation.go:57.42,59.3 1 0
github.com/hashhog/blockbrew/internal/consensus/blockvalidation.go:62.2,62.47 1 1
github.com/hashhog/blockbrew/internal/consensus/blockvalidation.go:62.47,63.42 1 0
github.com/hashhog/blockbrew/internal/consensus/blockvalidation.go:63.42,65.4 1 0
github.com/hashhog/blockbrew/internal/consensus/blockvalidation.go:69.2,69.40 1 1
github.com/hashhog/blockbrew/internal/consensus/blockvalidation.go:69.40,70.52 1 1
github.com/hashhog/blockbrew/internal/consensus/blockvalidation.go:70.52,72.4 1 0
github.com/hashhog/blockbrew/internal/consensus/blockvalidation.go:76.2,77.40 2 1
github.com/hashhog/blockbrew/internal/consensus/blockvalidation.go:77.40,79.3 1 1
github.com/hashhog/blockbrew/internal/consensus/blockvalidation.go:80.2,81.49 2 1
github.com/hashhog/blockbrew/internal/consensus/blockvalidation.go:81.49,84.3 1 0
github.com/hashhog/blockbrew/internal/consensus/blockvalidation.go:87.2,88.29 2 1
github.com/hashhog/blockbrew/internal/consensus/blockvalidation.go:88.29,90.3 1 0
github.com/hashhog/blockbrew/internal/consensus/blockvalidation.go:92.2,92.12 1 1
github.com/hashhog/blockbrew/internal/consensus/blockvalidation.go:96.117,98.62 1 1
github.com/hashhog/blockbrew/internal/consensus/blockvalidation.go:98.62,101.3 1 0
github.com/hashhog/blockbrew/internal/consensus/blockvalidation.go:102.2,102.62 1 1
github.com/hashhog/blockbrew/internal/consensus/blockvalidation.go:102.62,105.3 1 0
github.com/hashhog/blockbrew/internal/consensus/blockvalidation.go:106.2,106.62 1 1
github.com/hashhog/blockbrew/internal/consensus/blockvalidation.go:106.62,109.3 1 0
github.com/hashhog/blockbrew/internal/consensus/blockvalidation.go:117.2,117.35 1 1
github.com/hashhog/blockbrew/internal/consensus/blockvalidation.go:117.35,118.55 1 1
github.com/hashhog/blockbrew/internal/consensus/blockvalidation.go:118.55,120.4 1 0
github.com/hashhog/blockbrew/internal/consensus/blockvalidation.go:124.2,124.34 1 1
github.com/hashhog/blockbrew/internal/consensus/blockvalidation.go:124.34,125.73 1 1
github.com/hashhog/blockbrew/internal/consensus/blockvalidation.go:125.73,127.4 1 0
github.com/hashhog/blockbrew/internal/consensus/blockvalidation.go:130.2,130.12 1 1
github.com/hashhog/blockbrew/internal/consensus/blockvalidation.go:134.57,139.48 3 1
github.com/hashhog/blockbrew/internal/consensus/blockvalidation.go:139.48,146.59 2 1
github.com/hashhog/blockbrew/internal/consensus/blockvalidation.go:146.59,148.9 2 0
github.com/hashhog/blockbrew/internal/consensus/blockvalidation.go:153.2,154.40 2 1
github.com/hashhog/blockbrew/internal/consensus/blockvalidation.go:154.40,155.22 1 1
github.com/hashhog/blockbrew/internal/consensus/blockvalidation.go:155.22,157.9 2 0
github.com/hashhog/blockbrew/internal/consensus/blockvalidation.go:162.2,162.45 1 1
github.com/hashhog/blockbrew/internal/consensus/blockvalidation.go:162.45,164.3 1 1
github.com/hashhog/blockbrew/internal/consensus/blockvalidation.go:167.2,167.30 1 0
github.com/hashhog/blockbrew/internal/consensus/blockvalidation.go:167.30,169.3 1 0
github.com/hashhog/blockbrew/internal/consensus/blockvalidation.go:172.2,173.65 2 0
github.com/hashhog/blockbrew/internal/consensus/blockvalidation.go:173.65,175.3 1 0
github.com/hashhog/blockbrew/internal/consensus/blockvalidation.go:175.8,178.3 1 0
github.com/hashhog/blockbrew/internal/consensus/blockvalidation.go:181.2,182.40 2 0
github.com/hashhog/blockbrew/internal/consensus/blockvalidation.go:182.40,184.3 1 0
github.com/hashhog/blockbrew/internal/consensus/blockvalidation.go:187.2,190.60 2 0
github.com/hashhog/blockbrew/internal/consensus/blockvalidation.go:190.60,193.3 1 0
github.com/hashhog/blockbrew/internal/consensus/blockvalidation.go:195.2,195.12 1 0
github.com/hashhog/blockbrew/internal/consensus/blockvalidation.go:201.73,202.29 1 1
github.com/hashhog/blockbrew/internal/consensus/blockvalidation.go:202.29,204.3 1 0
github.com/hashhog/blockbrew/internal/consensus/blockvalidation.go:206.2,207.25 2 1
github.com/hashhog/blockbrew/internal/consensus/blockvalidation.go:207.25,209.3 1 0
github.com/hashhog/blockbrew/internal/consensus/blockvalidation.go:212.2,217.20 4 1
github.com/hashhog/blockbrew/internal/consensus/blockvalidation.go:217.20,221.3 2 1
github.com/hashhog/blockbrew/internal/consensus/blockvalidation.go:221.8,221.46 1 1
github.com/hashhog/blockbrew/internal/consensus/blockvalidation.go:221.46,224.33 2 1
github.com/hashhog/blockbrew/internal/consensus/blockvalidation.go:224.33,226.4 1 0
github.com/hashhog/blockbrew/internal/consensus/blockvalidation.go:227.3,228.39 2 1
github.com/hashhog/blockbrew/internal/consensus/blockvalidation.go:229.8,229.45 1 1
github.com/hashhog/blockbrew/internal/consensus/blockvalidation.go:229.45,230.25 1 0
github.com/hashhog/blockbrew/internal/consensus/blockvalidation.go:230.25,232.4 1 0
github.com/hashhog/blockbrew/internal/consensus/blockvalidation.go:233.3,234.33 2 0
github.com/hashhog/blockbrew/internal/consensus/blockvalidation.go:234.33,236.4 1 0
github.com/hashhog/blockbrew/internal/consensus/blockvalidation.go:237.3,238.39 2 0
github.com/hashhog/blockbrew/internal/consensus/blockvalidation.go:239.8,239.66 1 1
github.com/hashhog/blockbrew/internal/consensus/blockvalidation.go:239.66,243.3 2 1
github.com/hashhog/blockbrew/internal/consensus/blockvalidation.go:243.8,245.3 1 0
github.com/hashhog/blockbrew/internal/consensus/blockvalidation.go:247.2,247.43 1 1
github.com/hashhog/blockbrew/internal/consensus/blockvalidation.go:247.43,249.3 1 1
github.com/hashhog/blockbrew/internal/consensus/blockvalidation.go:251.2,251.12 1 1
github.com/hashhog/blockbrew/internal/consensus/blockvalidation.go:255.41,256.20 1 1
github.com/hashhog/blockbrew/internal/consensus/blockvalidation.go:256.20,258.3 1 0
github.com/hashhog/blockbrew/internal/consensus/blockvalidation.go:261.2,262.33 2 1
github.com/hashhog/blockbrew/internal/consensus/blockvalidation.go:262.33,264.3 1 1
github.com/hashhog/blockbrew/internal/consensus/blockvalidation.go:267.2,267.33 1 1
github.com/hashhog/blockbrew/internal/consensus/blockvalidation.go:267.33,271.3 2 0
github.com/hashhog/blockbrew/internal/consensus/blockvalidation.go:273.2,273.15 1 1
github.com/hashhog/blockbrew/internal/consensus/blockvalidation.go:279.141,281.65 1 0
github.com/hashhog/blockbrew/internal/consensus/blockvalidation.go:281.65,283.3 1 0
github.com/hashhog/blockbrew/internal/consensus/blockvalidation.go:286.2,286.77 1 0
github.com/hashhog/blockbrew/internal/consensus/blockvalidation.go:286.77,288.3 1 0
github.com/hashhog/blockbrew/internal/consensus/blockvalidation.go:291.2,300.40 4 0
github.com/hashhog/blockbrew/internal/consensus/blockvalidation.go:300.40,303.52 1 0
github.com/hashhog/blockbrew/internal/consensus/blockvalidation.go:303.52,305.4 1 0
github.com/hashhog/blockbrew/internal/consensus/blockvalidation.go:307.3,307.13 1 0
github.com/hashhog/blockbrew/internal/consensus/blockvalidation.go:307.13,310.12 2 0
github.com/hashhog/blockbrew/internal/consensus/blockvalidation.go:314.3,315.17 2 0
github.com/hashhog/blockbrew/internal/consensus/blockvalidation.go:315.17,317.4 1 0
github.com/hashhog/blockbrew/internal/consensus/blockvalidation.go:318.3,321.79 2 0
github.com/hashhog/blockbrew/internal/consensus/blockvalidation.go:321.79,323.4 1 0
github.com/hashhog/blockbrew/internal/consensus/blockvalidation.go:328.3,329.36 2 0
github.com/hashhog/blockbrew/internal/consensus/blockvalidation.go:333.2,335.37 3 0
github.com/hashhog/blockbrew/internal/consensus/blockvalidation.go:335.37,337.3 1 0
github.com/hashhog/blockbrew/internal/consensus/blockvalidation.go:338.2,338.39 1 0
github.com/hashhog/blockbrew/internal/consensus/blockvalidation.go:338.39,341.3 1 0
github.com/hashhog/blockbrew/internal/consensus/blockvalidation.go:344.2,345.37 2 0
github.com/hashhog/blockbrew/internal/consensus/blockvalidation.go:345.37,347.3 1 0
github.com/hashhog/blockbrew/internal/consensus/blockvalidation.go:349.2,349.12 1 0
github.com/hashhog/blockbrew/internal/consensus/blockvalidation.go:354.53,355.26 1 1
github.com/hashhog/blockbrew/internal/consensus/blockvalidation.go:355.26,357.3 1 1
github.com/hashhog/blockbrew/internal/consensus/blockvalidation.go:360.2,364.35 3 1
github.com/hashhog/blockbrew/internal/consensus/blockvalidation.go:364.35,367.33 3 1
github.com/hashhog/blockbrew/internal/consensus/blockvalidation.go:367.33,370.4 2 1
github.com/hashhog/blockbrew/internal/consensus/blockvalidation.go:371.3,371.20 1 1
github.com/hashhog/blockbrew/internal/consensus/blockvalidation.go:375.2,375.30 1 1
github.com/hashhog/blockbrew/internal/consensus/blockvalidation.go:379.78,380.38 1 0
github.com/hashhog/blockbrew/internal/consensus/blockvalidation.go:380.38,383.3 1 0
github.com/hashhog/blockbrew/internal/consensus/blockvalidation.go:384.2,384.12 1 0
github.com/hashhog/blockbrew/internal/consensus/blockvalidation.go:389.145,391.29 1 0
github.com/hashhog/blockbrew/internal/consensus/blockvalidation.go:391.29,393.74 2 0
github.com/hashhog/blockbrew/internal/consensus/blockvalidation.go:393.74,395.4 1 0
github.com/hashhog/blockbrew/internal/consensus/blockvalidation.go:399.2,399.61 1 0
github.com/hashhog/blockbrew/internal/consensus/blockvalidation.go:405.79,407.2 1 0
github.com/hashhog/blockbrew/internal/consensus/chaincfg.go:38.39,42.2 3 1
github.com/hashhog/blockbrew/internal/consensus/chaincfg.go:46.39,50.2 3 1
github.com/hashhog/blockbrew/internal/consensus/chaincfg.go:65.35,66.26 1 1
github.com/hashhog/blockbrew/internal/consensus/chaincfg.go:66.26,68.3 1 1
github.com/hashhog/blockbrew/internal/consensus/chaincfg.go:70.2,108.22 4 1
github.com/hashhog/blockbrew/internal/consensus/chaincfg.go:112.35,113.26 1 1
github.com/hashhog/blockbrew/internal/consensus/chaincfg.go:113.26,115.3 1 1
github.com/hashhog/blockbrew/internal/consensus/chaincfg.go:117.2,150.22 4 1
github.com/hashhog/blockbrew/internal/consensus/chaincfg.go:154.35,155.26 1 1
github.com/hashhog/blockbrew/internal/consensus/chaincfg.go:155.26,157.3 1 1
github.com/hashhog/blockbrew/internal/consensus/chaincfg.go:159.2,187.22 4 1
github.com/hashhog/blockbrew/internal/consensus/chaincfg.go:191.34,192.25 1 1
github.com/hashhog/blockbrew/internal/consensus/chaincfg.go:192.25,194.3 1 0
github.com/hashhog/blockbrew/internal/consensus/chaincfg.go:196.2,226.21 4 1
github.com/hashhog/blockbrew/internal/consensus/chainmanager.go:37.63,39.24 2 1
github.com/hashhog/blockbrew/internal/consensus/chainmanager.go:39.24,41.3 1 1
github.com/hashhog/blockbrew/internal/consensus/chainmanager.go:43.2,52.23 2 1
github.com/hashhog/blockbrew/internal/consensus/chainmanager.go:52.23,54.3 1 1
github.com/hashhog/blockbrew/internal/consensus/chainmanager.go:57.2,61.27 3 1
github.com/hashhog/blockbrew/internal/consensus/chainmanager.go:61.27,63.3 1 1
github.com/hashhog/blockbrew/internal/consensus/chainmanager.go:65.2,65.11 1 1
github.com/hashhog/blockbrew/internal/consensus/chainmanager.go:69.42,71.16 2 1
github.com/hashhog/blockbrew/internal/consensus/chainmanager.go:71.16,74.3 1 1
github.com/hashhog/blockbrew/internal/consensus/chainmanager.go:76.2,77.17 2 0
github.com/hashhog/blockbrew/internal/consensus/chainmanager.go:77.17,81.3 2 0
github.com/hashhog/blockbrew/internal/consensus/chainmanager.go:83.2,85.71 3 0
github.com/hashhog/blockbrew/internal/consensus/chainmanager.go:89.66,92.17 3 1
github.com/hashhog/blockbrew/internal/consensus/chainmanager.go:92.17,94.3 1 0
github.com/hashhog/blockbrew/internal/consensus/chainmanager.go:96.2,100.47 3 1
github.com/hashhog/blockbrew/internal/consensus/chainmanager.go:100.47,102.51 1 0
github.com/hashhog/blockbrew/internal/consensus/chainmanager.go:102.51,108.4 4 0
github.com/hashhog/blockbrew/internal/consensus/chainmanager.go:109.3,110.72 1 0
github.com/hashhog/blockbrew/internal/consensus/chainmanager.go:114.2,115.16 2 1
github.com/hashhog/blockbrew/internal/consensus/chainmanager.go:115.16,117.3 1 0
github.com/hashhog/blockbrew/internal/consensus/chainmanager.go:119.2,121.16 3 1
github.com/hashhog/blockbrew/internal/consensus/chainmanager.go:121.16,123.3 1 0
github.com/hashhog/blockbrew/internal/consensus/chainmanager.go:126.2,135.40 4 1
github.com/hashhog/blockbrew/internal/consensus/chainmanager.go:135.40,137.52 1 1
github.com/hashhog/blockbrew/internal/consensus/chainmanager.go:137.52,139.4 1 0
github.com/hashhog/blockbrew/internal/consensus/chainmanager.go:141.3,141.13 1 1
github.com/hashhog/blockbrew/internal/consensus/chainmanager.go:141.13,144.12 2 1
github.com/hashhog/blockbrew/internal/consensus/chainmanager.go:148.3,149.17 2 0
github.com/hashhog/blockbrew/internal/consensus/chainmanager.go:149.17,151.4 1 0
github.com/hashhog/blockbrew/internal/consensus/chainmanager.go:152.3,156.17 3 0
github.com/hashhog/blockbrew/internal/consensus/chainmanager.go:156.17,158.4 1 0
github.com/hashhog/blockbrew/internal/consensus/chainmanager.go:161.3,162.43 2 0
github.com/hashhog/blockbrew/internal/consensus/chainmanager.go:166.2,168.37 3 1
github.com/hashhog/blockbrew/internal/consensus/chainmanager.go:168.37,170.3 1 1
github.com/hashhog/blockbrew/internal/consensus/chainmanager.go:171.2,171.39 1 1
github.com/hashhog/blockbrew/internal/consensus/chainmanager.go:171.39,174.3 1 1
github.com/hashhog/blockbrew/internal/consensus/chainmanager.go:177.2,182.23 4 1
github.com/hashhog/blockbrew/internal/consensus/chainmanager.go:182.23,188.3 2 1
github.com/hashhog/blockbrew/internal/consensus/chainmanager.go:191.2,192.45 2 1
github.com/hashhog/blockbrew/internal/consensus/chainmanager.go:192.45,195.3 2 0
github.com/hashhog/blockbrew/internal/consensus/chainmanager.go:197.2,197.12 1 1
github.com/hashhog/blockbrew/internal/consensus/chainmanager.go:201.38,205.2 1 0
github.com/hashhog/blockbrew/internal/consensus/chainmanager.go:208.66,213.29 3 1
github.com/hashhog/blockbrew/internal/consensus/chainmanager.go:213.29,215.3 1 0
github.com/hashhog/blockbrew/internal/consensus/chainmanager.go:218.2,219.16 2 1
github.com/hashhog/blockbrew/internal/consensus/chainmanager.go:219.16,221.3 1 0
github.com/hashhog/blockbrew/internal/consensus/chainmanager.go:225.2,225.52 1 1
github.com/hashhog/blockbrew/internal/consensus/chainmanager.go:225.52,228.29 3 1
github.com/hashhog/blockbrew/internal/consensus/chainmanager.go:228.29,231.4 2 1
github.com/hashhog/blockbrew/internal/consensus/chainmanager.go:235.2,235.51 1 1
github.com/hashhog/blockbrew/internal/consensus/chainmanager.go:235.51,237.30 2 0
github.com/hashhog/blockbrew/internal/consensus/chainmanager.go:237.30,242.4 1 0
github.com/hashhog/blockbrew/internal/consensus/chainmanager.go:246.2,247.19 2 1
github.com/hashhog/blockbrew/internal/consensus/chainmanager.go:247.19,249.3 1 0
github.com/hashhog/blockbrew/internal/consensus/chainmanager.go:251.2,255.23 3 1
github.com/hashhog/blockbrew/internal/consensus/chainmanager.go:255.23,260.3 1 1
github.com/hashhog/blockbrew/internal/consensus/chainmanager.go:262.2,262.12 1 1
github.com/hashhog/blockbrew/internal/consensus/chainmanager.go:266.58,273.17 5 1
github.com/hashhog/blockbrew/internal/consensus/chainmanager.go:273.17,275.3 1 0
github.com/hashhog/blockbrew/internal/consensus/chainmanager.go:277.2,282.59 3 1
github.com/hashhog/blockbrew/internal/consensus/chainmanager.go:282.59,284.3 1 1
github.com/hashhog/blockbrew/internal/consensus/chainmanager.go:285.2,285.39 1 1
github.com/hashhog/blockbrew/internal/consensus/chainmanager.go:285.39,286.55 1 1
github.com/hashhog/blockbrew/internal/consensus/chainmanager.go:286.55,288.4 1 0
github.com/hashhog/blockbrew/internal/consensus/chainmanager.go:292.2,293.55 2 1
github.com/hashhog/blockbrew/internal/consensus/chainmanager.go:293.55,295.3 1 1
github.com/hashhog/blockbrew/internal/consensus/chainmanager.go:297.2,297.61 1 1
github.com/hashhog/blockbrew/internal/consensus/chainmanager.go:297.61,299.3 1 1
github.com/hashhog/blockbrew/internal/consensus/chainmanager.go:300.2,300.36 1 1
github.com/hashhog/blockbrew/internal/consensus/chainmanager.go:300.36,302.17 2 1
github.com/hashhog/blockbrew/internal/consensus/chainmanager.go:302.17,304.4 1 0
github.com/hashhog/blockbrew/internal/consensus/chainmanager.go:305.3,305.48 1 1
github.com/hashhog/blockbrew/internal/consensus/chainmanager.go:305.48,307.4 1 0
github.com/hashhog/blockbrew/internal/consensus/chainmanager.go:310.2,310.12 1 1
github.com/hashhog/blockbrew/internal/consensus/chainmanager.go:314.59,317.23 3 1
github.com/hashhog/blockbrew/internal/consensus/chainmanager.go:317.23,319.3 1 0
github.com/hashhog/blockbrew/internal/consensus/chainmanager.go:320.2,320.38 1 1
github.com/hashhog/blockbrew/internal/consensus/chainmanager.go:324.63,329.17 4 1
github.com/hashhog/blockbrew/internal/consensus/chainmanager.go:329.17,331.3 1 1
github.com/hashhog/blockbrew/internal/consensus/chainmanager.go:334.2,335.55 2 1
github.com/hashhog/blockbrew/internal/consensus/chainmanager.go:339.46,343.2 3 0
github.com/hashhog/blockbrew/internal/consensus/chainmanager.go:346.53,348.2 1 1
github.com/hashhog/blockbrew/internal/consensus/difficulty.go:27.44,33.19 4 1
github.com/hashhog/blockbrew/internal/consensus/difficulty.go:33.19,37.3 2 1
github.com/hashhog/blockbrew/internal/consensus/difficulty.go:37.8,41.3 2 1
github.com/hashhog/blockbrew/internal/consensus/difficulty.go:44.2,44.29 1 1
github.com/hashhog/blockbrew/internal/consensus/difficulty.go:44.29,46.3 1 0
github.com/hashhog/blockbrew/internal/consensus/difficulty.go:48.2,48.15 1 1
github.com/hashhog/blockbrew/internal/consensus/difficulty.go:53.38,55.19 1 1
github.com/hashhog/blockbrew/internal/consensus/difficulty.go:55.19,57.3 1 1
github.com/hashhog/blockbrew/internal/consensus/difficulty.go:60.2,69.19 6 1
github.com/hashhog/blockbrew/internal/consensus/difficulty.go:69.19,72.3 1 1
github.com/hashhog/blockbrew/internal/consensus/difficulty.go:72.8,75.3 1 1
github.com/hashhog/blockbrew/internal/consensus/difficulty.go:79.2,79.30 1 1
github.com/hashhog/blockbrew/internal/consensus/difficulty.go:79.30,82.3 2 1
github.com/hashhog/blockbrew/internal/consensus/difficulty.go:85.2,88.16 2 1
github.com/hashhog/blockbrew/internal/consensus/difficulty.go:88.16,90.3 1 0
github.com/hashhog/blockbrew/internal/consensus/difficulty.go:92.2,92.16 1 1
github.com/hashhog/blockbrew/internal/consensus/difficulty.go:106.115,116.34 4 1
github.com/hashhog/blockbrew/internal/consensus/difficulty.go:116.34,118.3 1 1
github.com/hashhog/blockbrew/internal/consensus/difficulty.go:119.2,119.34 1 1
github.com/hashhog/blockbrew/internal/consensus/difficulty.go:119.34,121.3 1 1
github.com/hashhog/blockbrew/internal/consensus/difficulty.go:124.2,129.40 4 1
github.com/hashhog/blockbrew/internal/consensus/difficulty.go:129.40,131.3 1 1
github.com/hashhog/blockbrew/internal/consensus/difficulty.go:133.2,133.32 1 1
github.com/hashhog/blockbrew/internal/consensus/difficulty.go:139.43,141.20 2 1
github.com/hashhog/blockbrew/internal/consensus/difficulty.go:141.20,143.3 1 1
github.com/hashhog/blockbrew/internal/consensus/difficulty.go:144.2,146.16 3 1
github.com/hashhog/blockbrew/internal/consensus/difficulty.go:151.44,155.26 2 1
github.com/hashhog/blockbrew/internal/consensus/difficulty.go:155.26,157.3 1 1
github.com/hashhog/blockbrew/internal/consensus/difficulty.go:158.2,158.43 1 1
github.com/hashhog/blockbrew/internal/consensus/difficulty.go:164.80,168.24 2 1
github.com/hashhog/blockbrew/internal/consensus/difficulty.go:168.24,170.3 1 0
github.com/hashhog/blockbrew/internal/consensus/difficulty.go:173.2,173.30 1 1
github.com/hashhog/blockbrew/internal/consensus/difficulty.go:173.30,175.3 1 0
github.com/hashhog/blockbrew/internal/consensus/difficulty.go:178.2,179.29 2 1
github.com/hashhog/blockbrew/internal/consensus/difficulty.go:179.29,181.3 1 1
github.com/hashhog/blockbrew/internal/consensus/difficulty.go:183.2,183.12 1 1
github.com/hashhog/blockbrew/internal/consensus/difficulty.go:190.95,191.34 1 1
github.com/hashhog/blockbrew/internal/consensus/difficulty.go:191.34,193.3 1 1
github.com/hashhog/blockbrew/internal/consensus/difficulty.go:194.2,194.67 1 1
github.com/hashhog/blockbrew/internal/consensus/genesis.go:11.38,40.2 3 1
github.com/hashhog/blockbrew/internal/consensus/genesis.go:44.43,61.2 3 1
github.com/hashhog/blockbrew/internal/consensus/genesis.go:65.45,67.2 1 1
github.com/hashhog/blockbrew/internal/consensus/genesis.go:71.43,88.2 3 1
github.com/hashhog/blockbrew/internal/consensus/genesis.go:91.45,93.2 1 1
github.com/hashhog/blockbrew/internal/consensus/genesis.go:97.43,114.2 3 1
github.com/hashhog/blockbrew/internal/consensus/genesis.go:117.44,119.2 1 1
github.com/hashhog/blockbrew/internal/consensus/genesis.go:123.42,140.2 3 1
github.com/hashhog/blockbrew/internal/consensus/headerindex.go:45.58,46.37 1 1
github.com/hashhog/blockbrew/internal/consensus/headerindex.go:46.37,48.3 1 1
github.com/hashhog/blockbrew/internal/consensus/headerindex.go:49.2,49.24 1 1
github.com/hashhog/blockbrew/internal/consensus/headerindex.go:49.24,51.3 1 1
github.com/hashhog/blockbrew/internal/consensus/headerindex.go:54.2,55.42 2 1
github.com/hashhog/blockbrew/internal/consensus/headerindex.go:55.42,57.3 1 1
github.com/hashhog/blockbrew/internal/consensus/headerindex.go:58.2,58.13 1 1
github.com/hashhog/blockbrew/internal/consensus/headerindex.go:65.51,70.18 4 1
github.com/hashhog/blockbrew/internal/consensus/headerindex.go:70.18,75.17 3 1
github.com/hashhog/blockbrew/internal/consensus/headerindex.go:75.17,76.9 1 1
github.com/hashhog/blockbrew/internal/consensus/headerindex.go:80.3,80.24 1 1
github.com/hashhog/blockbrew/internal/consensus/headerindex.go:80.24,82.4 1 1
github.com/hashhog/blockbrew/internal/consensus/headerindex.go:84.3,84.34 1 1
github.com/hashhog/blockbrew/internal/consensus/headerindex.go:88.2,88.50 1 1
github.com/hashhog/blockbrew/internal/consensus/headerindex.go:88.50,90.3 1 0
github.com/hashhog/blockbrew/internal/consensus/headerindex.go:92.2,93.45 2 1
github.com/hashhog/blockbrew/internal/consensus/headerindex.go:93.45,95.3 1 1
github.com/hashhog/blockbrew/internal/consensus/headerindex.go:97.2,97.16 1 1
github.com/hashhog/blockbrew/internal/consensus/headerindex.go:102.47,106.53 3 1
github.com/hashhog/blockbrew/internal/consensus/headerindex.go:106.53,109.3 2 1
github.com/hashhog/blockbrew/internal/consensus/headerindex.go:112.2,112.45 1 1
github.com/hashhog/blockbrew/internal/consensus/headerindex.go:112.45,114.3 1 1
github.com/hashhog/blockbrew/internal/consensus/headerindex.go:117.2,117.45 1 1
github.com/hashhog/blockbrew/internal/consensus/headerindex.go:123.37,125.24 2 1
github.com/hashhog/blockbrew/internal/consensus/headerindex.go:125.24,127.3 1 0
github.com/hashhog/blockbrew/internal/consensus/headerindex.go:132.2,134.51 3 1
github.com/hashhog/blockbrew/internal/consensus/headerindex.go:139.43,140.26 1 1
github.com/hashhog/blockbrew/internal/consensus/headerindex.go:140.26,142.3 1 1
github.com/hashhog/blockbrew/internal/consensus/headerindex.go:145.2,145.26 1 1
github.com/hashhog/blockbrew/internal/consensus/headerindex.go:145.26,147.3 1 1
github.com/hashhog/blockbrew/internal/consensus/headerindex.go:148.2,148.26 1 1
github.com/hashhog/blockbrew/internal/consensus/headerindex.go:148.26,150.3 1 1
github.com/hashhog/blockbrew/internal/consensus/headerindex.go:153.2,153.13 1 1
github.com/hashhog/blockbrew/internal/consensus/headerindex.go:153.13,154.27 1 1
github.com/hashhog/blockbrew/internal/consensus/headerindex.go:154.27,156.4 1 0
github.com/hashhog/blockbrew/internal/consensus/headerindex.go:157.3,158.15 2 1
github.com/hashhog/blockbrew/internal/consensus/headerindex.go:161.2,161.10 1 1
github.com/hashhog/blockbrew/internal/consensus/headerindex.go:181.55,207.2 7 1
github.com/hashhog/blockbrew/internal/consensus/headerindex.go:210.43,211.34 1 1
github.com/hashhog/blockbrew/internal/consensus/headerindex.go:211.34,213.3 1 1
github.com/hashhog/blockbrew/internal/consensus/headerindex.go:215.2,228.33 2 0
github.com/hashhog/blockbrew/internal/consensus/headerindex.go:228.33,230.3 1 0
github.com/hashhog/blockbrew/internal/consensus/headerindex.go:234.43,236.16 2 0
github.com/hashhog/blockbrew/internal/consensus/headerindex.go:236.16,237.41 1 0
github.com/hashhog/blockbrew/internal/consensus/headerindex.go:239.2,239.10 1 0
github.com/hashhog/blockbrew/internal/consensus/headerindex.go:243.80,251.42 4 1
github.com/hashhog/blockbrew/internal/consensus/headerindex.go:251.42,253.3 1 1
github.com/hashhog/blockbrew/internal/consensus/headerindex.go:256.2,257.13 2 1
github.com/hashhog/blockbrew/internal/consensus/headerindex.go:257.13,259.3 1 1
github.com/hashhog/blockbrew/internal/consensus/headerindex.go:262.2,265.81 2 1
github.com/hashhog/blockbrew/internal/consensus/headerindex.go:265.81,267.3 1 1
github.com/hashhog/blockbrew/internal/consensus/headerindex.go:270.2,271.36 2 1
github.com/hashhog/blockbrew/internal/consensus/headerindex.go:271.36,273.3 1 1
github.com/hashhog/blockbrew/internal/consensus/headerindex.go:276.2,276.71 1 1
github.com/hashhog/blockbrew/internal/consensus/headerindex.go:276.71,278.3 1 0
github.com/hashhog/blockbrew/internal/consensus/headerindex.go:281.2,281.53 1 1
github.com/hashhog/blockbrew/internal/consensus/headerindex.go:281.53,282.27 1 0
github.com/hashhog/blockbrew/internal/consensus/headerindex.go:282.27,284.4 1 0
github.com/hashhog/blockbrew/internal/consensus/headerindex.go:288.2,309.46 6 1
github.com/hashhog/blockbrew/internal/consensus/headerindex.go:309.46,311.3 1 1
github.com/hashhog/blockbrew/internal/consensus/headerindex.go:313.2,313.18 1 1
github.com/hashhog/blockbrew/internal/consensus/headerindex.go:317.108,319.37 1 1
github.com/hashhog/blockbrew/internal/consensus/headerindex.go:319.37,320.96 1 1
github.com/hashhog/blockbrew/internal/consensus/headerindex.go:320.96,322.46 1 0
github.com/hashhog/blockbrew/internal/consensus/headerindex.go:322.46,324.5 1 0
github.com/hashhog/blockbrew/internal/consensus/headerindex.go:329.2,329.57 1 1
github.com/hashhog/blockbrew/internal/consensus/headerindex.go:329.57,331.3 1 0
github.com/hashhog/blockbrew/internal/consensus/headerindex.go:335.2,335.75 1 1
github.com/hashhog/blockbrew/internal/consensus/headerindex.go:335.75,337.3 1 0
github.com/hashhog/blockbrew/internal/consensus/headerindex.go:339.2,339.12 1 1
github.com/hashhog/blockbrew/internal/consensus/headerindex.go:343.118,347.68 3 0
github.com/hashhog/blockbrew/internal/consensus/headerindex.go:347.68,349.3 1 0
github.com/hashhog/blockbrew/internal/consensus/headerindex.go:352.2,364.43 4 0
github.com/hashhog/blockbrew/internal/consensus/headerindex.go:364.43,369.30 4 0
github.com/hashhog/blockbrew/internal/consensus/headerindex.go:369.30,371.4 1 0
github.com/hashhog/blockbrew/internal/consensus/headerindex.go:374.2,374.12 1 0
github.com/hashhog/blockbrew/internal/consensus/headerindex.go:378.63,382.2 3 1
github.com/hashhog/blockbrew/internal/consensus/headerindex.go:385.46,389.2 3 1
github.com/hashhog/blockbrew/internal/consensus/headerindex.go:392.44,396.2 3 1
github.com/hashhog/blockbrew/internal/consensus/headerindex.go:399.46,403.2 3 1
github.com/hashhog/blockbrew/internal/consensus/headerindex.go:406.59,411.2 4 1
github.com/hashhog/blockbrew/internal/consensus/headerindex.go:414.41,418.2 3 1
github.com/hashhog/blockbrew/internal/consensus/headerindex.go:422.118,428.32 4 0
github.com/hashhog/blockbrew/internal/consensus/headerindex.go:428.32,429.38 1 0
github.com/hashhog/blockbrew/internal/consensus/headerindex.go:429.38,432.53 2 0
[...]
github.com/hashhog/blockbrew/internal/p2p/peermgr.go:127.25,129.4 1 1
github.com/hashhog/blockbrew/internal/p2p/peermgr.go:132.3,134.30 3 1
github.com/hashhog/blockbrew/internal/p2p/peermgr.go:134.30,136.4 1 0
github.com/hashhog/blockbrew/internal/p2p/peermgr.go:137.3,139.27 2 1
github.com/hashhog/blockbrew/internal/p2p/peermgr.go:139.27,141.4 1 0
github.com/hashhog/blockbrew/internal/p2p/peermgr.go:144.3,144.15 1 1
github.com/hashhog/blockbrew/internal/p2p/peermgr.go:149.49,154.29 4 1
github.com/hashhog/blockbrew/internal/p2p/peermgr.go:154.29,155.22 1 1
github.com/hashhog/blockbrew/internal/p2p/peermgr.go:155.22,157.4 1 1
github.com/hashhog/blockbrew/internal/p2p/peermgr.go:159.2,159.14 1 1
github.com/hashhog/blockbrew/internal/p2p/peermgr.go:163.84,173.33 4 1
github.com/hashhog/blockbrew/internal/p2p/peermgr.go:173.33,175.18 2 1
github.com/hashhog/blockbrew/internal/p2p/peermgr.go:175.18,177.4 1 0
github.com/hashhog/blockbrew/internal/p2p/peermgr.go:177.9,179.4 1 1
github.com/hashhog/blockbrew/internal/p2p/peermgr.go:180.3,182.9 3 1
github.com/hashhog/blockbrew/internal/p2p/peermgr.go:184.2,184.16 1 1
github.com/hashhog/blockbrew/internal/p2p/peermgr.go:188.51,193.2 4 1
github.com/hashhog/blockbrew/internal/p2p/peermgr.go:196.55,198.9 2 1
github.com/hashhog/blockbrew/internal/p2p/peermgr.go:198.9,200.3 1 1
github.com/hashhog/blockbrew/internal/p2p/peermgr.go:202.2,202.35 1 1
github.com/hashhog/blockbrew/internal/p2p/peermgr.go:202.35,204.3 1 1
github.com/hashhog/blockbrew/internal/p2p/peermgr.go:205.2,205.13 1 1
github.com/hashhog/blockbrew/internal/p2p/peermgr.go:209.38,214.34 4 1
github.com/hashhog/blockbrew/internal/p2p/peermgr.go:214.34,215.29 1 1
github.com/hashhog/blockbrew/internal/p2p/peermgr.go:215.29,217.4 1 1
github.com/hashhog/blockbrew/internal/p2p/peermgr.go:222.60,226.2 3 1
github.com/hashhog/blockbrew/internal/p2p/peermgr.go:229.54,233.29 3 1
github.com/hashhog/blockbrew/internal/p2p/peermgr.go:233.29,234.22 1 0
github.com/hashhog/blockbrew/internal/p2p/peermgr.go:234.22,236.4 1 0
github.com/hashhog/blockbrew/internal/p2p/peermgr.go:241.54,245.29 3 1
github.com/hashhog/blockbrew/internal/p2p/peermgr.go:245.29,246.22 1 0
github.com/hashhog/blockbrew/internal/p2p/peermgr.go:246.22,248.4 1 0
github.com/hashhog/blockbrew/internal/p2p/peermgr.go:253.51,257.2 3 1
github.com/hashhog/blockbrew/internal/p2p/peermgr.go:260.51,262.2 1 1
github.com/hashhog/blockbrew/internal/p2p/peermgr.go:265.44,280.6 9 1
github.com/hashhog/blockbrew/internal/p2p/peermgr.go:280.6,281.10 1 1
github.com/hashhog/blockbrew/internal/p2p/peermgr.go:282.19,287.16 4 0
github.com/hashhog/blockbrew/internal/p2p/peermgr.go:287.16,289.18 2 0
github.com/hashhog/blockbrew/internal/p2p/peermgr.go:289.18,291.6 1 0
github.com/hashhog/blockbrew/internal/p2p/peermgr.go:294.29,296.54 1 0
github.com/hashhog/blockbrew/internal/p2p/peermgr.go:296.54,298.5 1 0
github.com/hashhog/blockbrew/internal/p2p/peermgr.go:300.29,301.20 1 0
github.com/hashhog/blockbrew/internal/p2p/peermgr.go:303.18,304.10 1 1
github.com/hashhog/blockbrew/internal/p2p/peermgr.go:310.42,311.78 1 1
github.com/hashhog/blockbrew/internal/p2p/peermgr.go:311.78,313.3 1 1
github.com/hashhog/blockbrew/internal/p2p/peermgr.go:315.2,316.25 2 0
github.com/hashhog/blockbrew/internal/p2p/peermgr.go:316.25,318.19 2 0
github.com/hashhog/blockbrew/internal/p2p/peermgr.go:318.19,319.12 1 0
github.com/hashhog/blockbrew/internal/p2p/peermgr.go:321.3,324.16 1 0
github.com/hashhog/blockbrew/internal/p2p/peermgr.go:329.56,337.33 4 0
github.com/hashhog/blockbrew/internal/p2p/peermgr.go:337.33,340.3 2 0
github.com/hashhog/blockbrew/internal/p2p/peermgr.go:341.2,341.40 1 0
github.com/hashhog/blockbrew/internal/p2p/peermgr.go:341.40,344.3 2 0
github.com/hashhog/blockbrew/internal/p2p/peermgr.go:346.2,346.42 1 0
github.com/hashhog/blockbrew/internal/p2p/peermgr.go:346.42,349.3 2 0
github.com/hashhog/blockbrew/internal/p2p/peermgr.go:350.2,354.16 3 0
github.com/hashhog/blockbrew/internal/p2p/peermgr.go:354.16,357.3 1 0
github.com/hashhog/blockbrew/internal/p2p/peermgr.go:360.2,362.42 2 0
github.com/hashhog/blockbrew/internal/p2p/peermgr.go:362.42,366.3 3 0
github.com/hashhog/blockbrew/internal/p2p/peermgr.go:367.2,373.16 5 0
github.com/hashhog/blockbrew/internal/p2p/peermgr.go:373.16,376.3 2 0
github.com/hashhog/blockbrew/internal/p2p/peermgr.go:379.2,382.38 2 0
github.com/hashhog/blockbrew/internal/p2p/peermgr.go:382.38,384.3 1 0
github.com/hashhog/blockbrew/internal/p2p/peermgr.go:387.2,390.32 2 0
github.com/hashhog/blockbrew/internal/p2p/peermgr.go:394.40,397.6 2 1
github.com/hashhog/blockbrew/internal/p2p/peermgr.go:397.6,399.17 2 1
github.com/hashhog/blockbrew/internal/p2p/peermgr.go:399.17,400.11 1 1
github.com/hashhog/blockbrew/internal/p2p/peermgr.go:401.19,402.11 1 1
github.com/hashhog/blockbrew/internal/p2p/peermgr.go:403.12,405.13 1 0
github.com/hashhog/blockbrew/internal/p2p/peermgr.go:410.3,415.24 5 1
github.com/hashhog/blockbrew/internal/p2p/peermgr.go:415.24,417.12 2 1
github.com/hashhog/blockbrew/internal/p2p/peermgr.go:421.3,426.41 4 1
github.com/hashhog/blockbrew/internal/p2p/peermgr.go:426.41,429.12 3 0
github.com/hashhog/blockbrew/internal/p2p/peermgr.go:431.3,436.20 4 1
github.com/hashhog/blockbrew/internal/p2p/peermgr.go:436.20,438.18 2 1
github.com/hashhog/blockbrew/internal/p2p/peermgr.go:438.18,441.5 2 1
github.com/hashhog/blockbrew/internal/p2p/peermgr.go:444.4,444.40 1 0
github.com/hashhog/blockbrew/internal/p2p/peermgr.go:444.40,446.5 1 0
github.com/hashhog/blockbrew/internal/p2p/peermgr.go:449.4,449.31 1 0
github.com/hashhog/blockbrew/internal/p2p/peermgr.go:455.58,462.41 3 0
github.com/hashhog/blockbrew/internal/p2p/peermgr.go:462.41,464.3 1 0
github.com/hashhog/blockbrew/internal/p2p/peermgr.go:468.47,474.34 4 1
github.com/hashhog/blockbrew/internal/p2p/peermgr.go:474.34,476.3 1 0
github.com/hashhog/blockbrew/internal/p2p/peermgr.go:478.2,479.20 2 1
github.com/hashhog/blockbrew/internal/p2p/peermgr.go:479.20,481.3 1 1
github.com/hashhog/blockbrew/internal/p2p/peermgr.go:481.8,483.3 1 0
github.com/hashhog/blockbrew/internal/p2p/peermgr.go:487.52,489.37 2 1
github.com/hashhog/blockbrew/internal/p2p/peermgr.go:489.37,491.3 1 1
github.com/hashhog/blockbrew/internal/p2p/peermgr.go:494.2,504.3 2 1
github.com/hashhog/blockbrew/internal/p2p/peermgr.go:508.55,512.32 2 1
github.com/hashhog/blockbrew/internal/p2p/peermgr.go:512.32,514.3 1 1
github.com/hashhog/blockbrew/internal/p2p/peermgr.go:517.2,518.49 2 1
github.com/hashhog/blockbrew/internal/p2p/peermgr.go:518.49,521.32 2 1
github.com/hashhog/blockbrew/internal/p2p/peermgr.go:521.32,523.4 1 0
github.com/hashhog/blockbrew/internal/p2p/peermgr.go:526.3,527.15 2 1
github.com/hashhog/blockbrew/internal/p2p/peermgr.go:527.15,529.4 1 0
github.com/hashhog/blockbrew/internal/p2p/peermgr.go:530.3,533.28 2 1
github.com/hashhog/blockbrew/internal/p2p/peermgr.go:533.28,535.4 1 1
github.com/hashhog/blockbrew/internal/p2p/peermgr.go:538.2,538.18 1 1
github.com/hashhog/blockbrew/internal/p2p/peermgr.go:542.36,544.16 2 1
github.com/hashhog/blockbrew/internal/p2p/peermgr.go:544.16,547.3 1 1
github.com/hashhog/blockbrew/internal/p2p/peermgr.go:548.2,548.13 1 1
github.com/hashhog/blockbrew/internal/p2p/sync.go:129.60,131.25 2 1
github.com/hashhog/blockbrew/internal/p2p/sync.go:131.25,133.3 1 1
github.com/hashhog/blockbrew/internal/p2p/sync.go:135.2,148.3 1 1
github.com/hashhog/blockbrew/internal/p2p/sync.go:152.32,161.2 6 1
github.com/hashhog/blockbrew/internal/p2p/sync.go:164.31,167.2 2 1
github.com/hashhog/blockbrew/internal/p2p/sync.go:170.38,174.9 2 1
github.com/hashhog/blockbrew/internal/p2p/sync.go:175.37,175.37 0 0
github.com/hashhog/blockbrew/internal/p2p/sync.go:176.17,177.9 1 1
github.com/hashhog/blockbrew/internal/p2p/sync.go:181.2,187.6 4 0
github.com/hashhog/blockbrew/internal/p2p/sync.go:187.6,188.10 1 0
github.com/hashhog/blockbrew/internal/p2p/sync.go:189.19,196.34 5 0
github.com/hashhog/blockbrew/internal/p2p/sync.go:196.34,198.5 1 0
github.com/hashhog/blockbrew/internal/p2p/sync.go:200.18,201.10 1 0
github.com/hashhog/blockbrew/internal/p2p/sync.go:207.42,212.22 3 1
github.com/hashhog/blockbrew/internal/p2p/sync.go:212.22,214.3 1 0
github.com/hashhog/blockbrew/internal/p2p/sync.go:217.2,218.21 2 1
github.com/hashhog/blockbrew/internal/p2p/sync.go:218.21,221.3 2 1
github.com/hashhog/blockbrew/internal/p2p/sync.go:223.2,230.38 4 0
github.com/hashhog/blockbrew/internal/p2p/sync.go:234.75,241.2 2 1
github.com/hashhog/blockbrew/internal/p2p/sync.go:244.47,246.21 2 1
github.com/hashhog/blockbrew/internal/p2p/sync.go:246.21,248.3 1 1
github.com/hashhog/blockbrew/internal/p2p/sync.go:250.2,253.26 3 1
github.com/hashhog/blockbrew/internal/p2p/sync.go:253.26,255.26 2 1
github.com/hashhog/blockbrew/internal/p2p/sync.go:255.26,258.4 2 1
github.com/hashhog/blockbrew/internal/p2p/sync.go:262.2,262.66 1 1
github.com/hashhog/blockbrew/internal/p2p/sync.go:262.66,265.31 2 0
github.com/hashhog/blockbrew/internal/p2p/sync.go:265.31,267.4 1 0
github.com/hashhog/blockbrew/internal/p2p/sync.go:268.3,268.13 1 0
github.com/hashhog/blockbrew/internal/p2p/sync.go:271.2,271.17 1 1
github.com/hashhog/blockbrew/internal/p2p/sync.go:276.67,281.47 3 1
github.com/hashhog/blockbrew/internal/p2p/sync.go:281.47,283.3 1 1
github.com/hashhog/blockbrew/internal/p2p/sync.go:285.2,288.34 3 1
github.com/hashhog/blockbrew/internal/p2p/sync.go:288.34,290.17 2 1
github.com/hashhog/blockbrew/internal/p2p/sync.go:290.17,291.43 1 1
github.com/hashhog/blockbrew/internal/p2p/sync.go:291.43,293.13 1 0
github.com/hashhog/blockbrew/internal/p2p/sync.go:297.4,303.10 6 1
github.com/hashhog/blockbrew/internal/p2p/sync.go:306.3,309.24 2 1
github.com/hashhog/blockbrew/internal/p2p/sync.go:309.24,310.71 1 0
github.com/hashhog/blockbrew/internal/p2p/sync.go:310.71,312.5 1 0
github.com/hashhog/blockbrew/internal/p2p/sync.go:316.2,317.22 2 1
github.com/hashhog/blockbrew/internal/p2p/sync.go:317.22,319.3 1 1
github.com/hashhog/blockbrew/internal/p2p/sync.go:322.2,322.46 1 1
github.com/hashhog/blockbrew/internal/p2p/sync.go:322.46,326.3 2 1
github.com/hashhog/blockbrew/internal/p2p/sync.go:326.8,333.24 4 1
github.com/hashhog/blockbrew/internal/p2p/sync.go:333.24,335.4 1 0
github.com/hashhog/blockbrew/internal/p2p/sync.go:337.3,337.31 1 1
github.com/hashhog/blockbrew/internal/p2p/sync.go:337.31,339.4 1 1
github.com/hashhog/blockbrew/internal/p2p/sync.go:344.43,352.86 3 0
github.com/hashhog/blockbrew/internal/p2p/sync.go:352.86,354.3 1 0
github.com/hashhog/blockbrew/internal/p2p/sync.go:359.56,364.45 3 0
github.com/hashhog/blockbrew/internal/p2p/sync.go:364.45,370.3 4 0
github.com/hashhog/blockbrew/internal/p2p/sync.go:373.2,373.74 1 0
github.com/hashhog/blockbrew/internal/p2p/sync.go:373.75,376.3 0 0
github.com/hashhog/blockbrew/internal/p2p/sync.go:380.59,385.25 3 1
github.com/hashhog/blockbrew/internal/p2p/sync.go:385.25,387.24 2 1
github.com/hashhog/blockbrew/internal/p2p/sync.go:387.24,393.4 4 1
github.com/hashhog/blockbrew/internal/p2p/sync.go:398.40,402.2 3 1
github.com/hashhog/blockbrew/internal/p2p/sync.go:405.46,407.2 1 1
github.com/hashhog/blockbrew/internal/p2p/sync.go:410.41,414.2 3 1
github.com/hashhog/blockbrew/internal/p2p/sync.go:418.73,421.41 2 1
github.com/hashhog/blockbrew/internal/p2p/sync.go:421.41,423.18 2 1
github.com/hashhog/blockbrew/internal/p2p/sync.go:423.18,425.9 2 1
github.com/hashhog/blockbrew/internal/p2p/sync.go:430.2,430.22 1 1
github.com/hashhog/blockbrew/internal/p2p/sync.go:430.22,432.3 1 0
github.com/hashhog/blockbrew/internal/p2p/sync.go:435.2,438.112 3 1
github.com/hashhog/blockbrew/internal/p2p/sync.go:438.112,440.18 2 1
github.com/hashhog/blockbrew/internal/p2p/sync.go:440.18,441.9 1 0
github.com/hashhog/blockbrew/internal/p2p/sync.go:443.3,446.58 2 1
github.com/hashhog/blockbrew/internal/p2p/sync.go:446.58,447.9 1 0
github.com/hashhog/blockbrew/internal/p2p/sync.go:452.2,455.28 2 1
github.com/hashhog/blockbrew/internal/p2p/sync.go:460.61,462.45 1 1
github.com/hashhog/blockbrew/internal/p2p/sync.go:462.45,464.4 1 0
github.com/hashhog/blockbrew/internal/p2p/sync.go:465.51,467.4 1 0
github.com/hashhog/blockbrew/internal/p2p/sync.go:468.41,470.4 1 0
github.com/hashhog/blockbrew/internal/p2p/sync.go:480.45,484.18 3 0
github.com/hashhog/blockbrew/internal/p2p/sync.go:484.18,486.3 1 0
github.com/hashhog/blockbrew/internal/p2p/sync.go:489.2,490.24 2 0
github.com/hashhog/blockbrew/internal/p2p/sync.go:490.24,492.3 1 0
github.com/hashhog/blockbrew/internal/p2p/sync.go:495.2,496.53 2 0
github.com/hashhog/blockbrew/internal/p2p/sync.go:496.53,499.3 2 0
github.com/hashhog/blockbrew/internal/p2p/sync.go:501.2,502.68 2 0
github.com/hashhog/blockbrew/internal/p2p/sync.go:502.68,504.18 2 0
github.com/hashhog/blockbrew/internal/p2p/sync.go:504.18,505.12 1 0
github.com/hashhog/blockbrew/internal/p2p/sync.go:507.3,511.5 1 0
github.com/hashhog/blockbrew/internal/p2p/sync.go:514.2,521.27 4 0
github.com/hashhog/blockbrew/internal/p2p/sync.go:525.44,532.6 5 0
github.com/hashhog/blockbrew/internal/p2p/sync.go:532.6,533.10 1 0
github.com/hashhog/blockbrew/internal/p2p/sync.go:534.26,535.22 1 0
github.com/hashhog/blockbrew/internal/p2p/sync.go:537.24,538.27 1 0
github.com/hashhog/blockbrew/internal/p2p/sync.go:540.18,541.10 1 0
github.com/hashhog/blockbrew/internal/p2p/sync.go:545.3,549.11 4 0
github.com/hashhog/blockbrew/internal/p2p/sync.go:549.11,552.4 2 0
github.com/hashhog/blockbrew/internal/p2p/sync.go:557.40,561.23 3 0
github.com/hashhog/blockbrew/internal/p2p/sync.go:561.23,563.3 1 0
github.com/hashhog/blockbrew/internal/p2p/sync.go:566.2,567.34 2 0
github.com/hashhog/blockbrew/internal/p2p/sync.go:567.34,568.22 1 0
github.com/hashhog/blockbrew/internal/p2p/sync.go:568.22,570.4 1 0
github.com/hashhog/blockbrew/internal/p2p/sync.go:574.2,575.21 2 0
github.com/hashhog/blockbrew/internal/p2p/sync.go:575.21,577.3 1 0
github.com/hashhog/blockbrew/internal/p2p/sync.go:580.2,582.36 2 0
github.com/hashhog/blockbrew/internal/p2p/sync.go:582.36,583.40 1 0
github.com/hashhog/blockbrew/internal/p2p/sync.go:583.40,584.12 1 0
github.com/hashhog/blockbrew/internal/p2p/sync.go:586.3,586.44 1 0
github.com/hashhog/blockbrew/internal/p2p/sync.go:586.44,587.9 1 0
github.com/hashhog/blockbrew/internal/p2p/sync.go:591.3,592.30 2 0
github.com/hashhog/blockbrew/internal/p2p/sync.go:592.30,593.27 1 0
github.com/hashhog/blockbrew/internal/p2p/sync.go:593.27,594.13 1 0
github.com/hashhog/blockbrew/internal/p2p/sync.go:596.4,597.46 2 0
github.com/hashhog/blockbrew/internal/p2p/sync.go:597.46,598.13 1 0
github.com/hashhog/blockbrew/internal/p2p/sync.go:600.4,601.9 2 0
github.com/hashhog/blockbrew/internal/p2p/sync.go:604.3,604.26 1 0
github.com/hashhog/blockbrew/internal/p2p/sync.go:604.26,606.9 1 0
github.com/hashhog/blockbrew/internal/p2p/sync.go:610.3,620.5 6 0
github.com/hashhog/blockbrew/internal/p2p/sync.go:624.2,624.42 1 0
github.com/hashhog/blockbrew/internal/p2p/sync.go:624.42,625.23 1 0
github.com/hashhog/blockbrew/internal/p2p/sync.go:625.23,627.4 1 0
github.com/hashhog/blockbrew/internal/p2p/sync.go:632.45,637.37 4 0
github.com/hashhog/blockbrew/internal/p2p/sync.go:637.37,641.39 2 0
github.com/hashhog/blockbrew/internal/p2p/sync.go:641.39,654.4 6 0
github.com/hashhog/blockbrew/internal/p2p/sync.go:659.66,660.17 1 1
github.com/hashhog/blockbrew/internal/p2p/sync.go:660.17,662.3 1 0
github.com/hashhog/blockbrew/internal/p2p/sync.go:663.2,664.9 2 1
github.com/hashhog/blockbrew/internal/p2p/sync.go:664.9,666.3 1 1
github.com/hashhog/blockbrew/internal/p2p/sync.go:667.2,667.16 1 1
github.com/hashhog/blockbrew/internal/p2p/sync.go:671.57,672.17 1 1
github.com/hashhog/blockbrew/internal/p2p/sync.go:672.17,674.3 1 0
github.com/hashhog/blockbrew/internal/p2p/sync.go:675.2,678.34 4 1
github.com/hashhog/blockbrew/internal/p2p/sync.go:678.34,680.3 1 1
github.com/hashhog/blockbrew/internal/p2p/sync.go:681.2,681.40 1 1
github.com/hashhog/blockbrew/internal/p2p/sync.go:685.57,686.17 1 1
github.com/hashhog/blockbrew/internal/p2p/sync.go:686.17,688.3 1 0
github.com/hashhog/blockbrew/internal/p2p/sync.go:689.2,691.40 3 1
github.com/hashhog/blockbrew/internal/p2p/sync.go:691.40,693.3 1 1
github.com/hashhog/blockbrew/internal/p2p/sync.go:695.2,696.35 2 1
github.com/hashhog/blockbrew/internal/p2p/sync.go:696.35,698.3 1 0
github.com/hashhog/blockbrew/internal/p2p/sync.go:699.2,699.40 1 1
github.com/hashhog/blockbrew/internal/p2p/sync.go:703.63,708.9 4 1
github.com/hashhog/blockbrew/internal/p2p/sync.go:708.9,712.3 2 1
github.com/hashhog/blockbrew/internal/p2p/sync.go:714.2,722.23 5 1
github.com/hashhog/blockbrew/internal/p2p/sync.go:722.23,723.64 1 0
github.com/hashhog/blockbrew/internal/p2p/sync.go:723.64,725.4 1 0
github.com/hashhog/blockbrew/internal/p2p/sync.go:729.2,729.9 1 1
github.com/hashhog/blockbrew/internal/p2p/sync.go:730.74,730.74 0 1
github.com/hashhog/blockbrew/internal/p2p/sync.go:731.17,731.17 0 0
github.com/hashhog/blockbrew/internal/p2p/sync.go:736.43,739.6 2 1
github.com/hashhog/blockbrew/internal/p2p/sync.go:739.6,740.10 1 1
github.com/hashhog/blockbrew/internal/p2p/sync.go:741.35,742.18 1 0
github.com/hashhog/blockbrew/internal/p2p/sync.go:742.18,743.13 1 0
github.com/hashhog/blockbrew/internal/p2p/sync.go:747.4,748.18 2 0
github.com/hashhog/blockbrew/internal/p2p/sync.go:748.18,753.20 3 0
github.com/hashhog/blockbrew/internal/p2p/sync.go:753.20,755.6 1 0
github.com/hashhog/blockbrew/internal/p2p/sync.go:756.5,756.13 1 0
github.com/hashhog/blockbrew/internal/p2p/sync.go:759.4,762.11 2 0
github.com/hashhog/blockbrew/internal/p2p/sync.go:763.34,763.34 0 0
github.com/hashhog/blockbrew/internal/p2p/sync.go:764.19,765.11 1 0
github.com/hashhog/blockbrew/internal/p2p/sync.go:768.18,769.10 1 1
github.com/hashhog/blockbrew/internal/p2p/sync.go:775.43,781.6 3 1
github.com/hashhog/blockbrew/internal/p2p/sync.go:781.6,782.10 1 1
github.com/hashhog/blockbrew/internal/p2p/sync.go:783.35,784.18 1 0
github.com/hashhog/blockbrew/internal/p2p/sync.go:784.18,785.13 1 0
github.com/hashhog/blockbrew/internal/p2p/sync.go:789.4,792.36 2 0
github.com/hashhog/blockbrew/internal/p2p/sync.go:794.18,795.10 1 1
github.com/hashhog/blockbrew/internal/p2p/sync.go:801.82,807.6 5 0
github.com/hashhog/blockbrew/internal/p2p/sync.go:807.6,809.10 2 0
github.com/hashhog/blockbrew/internal/p2p/sync.go:809.10,810.9 1 0
github.com/hashhog/blockbrew/internal/p2p/sync.go:814.3,814.25 1 0
github.com/hashhog/blockbrew/internal/p2p/sync.go:814.25,816.18 2 0
github.com/hashhog/blockbrew/internal/p2p/sync.go:816.18,820.20 3 0
github.com/hashhog/blockbrew/internal/p2p/sync.go:820.20,822.6 1 0
github.com/hashhog/blockbrew/internal/p2p/sync.go:823.5,825.13 3 0
github.com/hashhog/blockbrew/internal/p2p/sync.go:829.3,839.14 8 0
github.com/hashhog/blockbrew/internal/p2p/sync.go:842.2,842.19 1 0
github.com/hashhog/blockbrew/internal/p2p/sync.go:842.19,846.3 3 0
github.com/hashhog/blockbrew/internal/p2p/sync.go:850.59,851.36 1 0
github.com/hashhog/blockbrew/internal/p2p/sync.go:851.36,852.23 1 0
github.com/hashhog/blockbrew/internal/p2p/sync.go:852.23,855.4 2 0
github.com/hashhog/blockbrew/internal/p2p/sync.go:860.41,866.6 4 1
github.com/hashhog/blockbrew/internal/p2p/sync.go:866.6,867.10 1 1
github.com/hashhog/blockbrew/internal/p2p/sync.go:868.19,876.15 7 0
github.com/hashhog/blockbrew/internal/p2p/sync.go:876.15,877.13 1 0
github.com/hashhog/blockbrew/internal/p2p/sync.go:880.4,881.22 2 0
github.com/hashhog/blockbrew/internal/p2p/sync.go:881.22,882.13 1 0
github.com/hashhog/blockbrew/internal/p2p/sync.go:886.4,887.26 2 0
github.com/hashhog/blockbrew/internal/p2p/sync.go:887.26,889.5 1 0
github.com/hashhog/blockbrew/internal/p2p/sync.go:889.10,891.5 1 0
github.com/hashhog/blockbrew/internal/p2p/sync.go:893.4,895.51 2 0
github.com/hashhog/blockbrew/internal/p2p/sync.go:897.18,898.10 1 1
github.com/hashhog/blockbrew/internal/p2p/sync.go:904.43,908.2 3 1
github.com/hashhog/blockbrew/internal/p2p/sync.go:911.45,915.2 3 1
github.com/hashhog/blockbrew/internal/p2p/sync.go:918.47,922.2 3 1
